uvotsource: Got parameters:
	image = /mnt/sdb1/Swift/OP313/reproc/00036384074/uvot/image/sw00036384074uvv_sk.img.gz+1
	srcreg = /mnt/sdb1/Swift/OP313/reproc/00036384074/uvotproduct/source.reg
	bkgreg = /mnt/sdb1/Swift/OP313/reproc/00036384074/uvotproduct/background.reg
	sigma = 1
	apercorr = CURVEOFGROWTH
	output = ALL
	expfile = NONE
	cleanup = yes
	clobber = yes
	chatter = 5
uvotsource: Checking quality of input files
uvotsource: /mnt/sdb1/Swift/OP313/reproc/00036384074/uvot/image/sw00036384074uvv_sk.img.gz+1: OK
uvotsource: Reading image keywords
uvotsource: querying CALDB with
	CODENAME => COINCIDENCE
	MISSION => SWIFT
	INSTRUMENT => UVOTA
	DETECTOR => 600
	FILTER => V
	STARTDATE => 2024-03-03
	STARTTIME => 22:13:39
	STOPDATE => 2024-03-03
	STOPTIME => 22:13:39
	EXPRESSION => -
uvotsource: selected COINCIDENCE https://heasarc.gsfc.nasa.gov/FTP/caldb/data/swift/uvota/bcf/coinc/swucountcor20010101v103.fits[1]
uvotsource: querying CALDB with
	CODENAME => COLORTABLE
	MISSION => SWIFT
	INSTRUMENT => UVOTA
	DETECTOR => 600
	FILTER => V
	STARTDATE => 2024-03-03
	STARTTIME => 22:13:39
	STOPDATE => 2024-03-03
	STOPTIME => 22:13:39
	EXPRESSION => -
uvotsource: selected COLORTABLE https://heasarc.gsfc.nasa.gov/FTP/caldb/data/swift/uvota/bcf/phot/swuphot20041120v108.fits[1]
uvotsource: AB magnitude system
uvotsource: 	B       : ZPT=18.98 ZPE=0.02 FCF=1.480E-16 FCE=5.6E-19 WAV=4321
uvotsource: 	U       : ZPT=19.36 ZPE=0.02 FCF=1.663E-16 FCE=2.5E-18 WAV=3442
uvotsource: 	V       : ZPT=17.88 ZPE=0.01 FCF=2.611E-16 FCE=8.7E-19 WAV=5410
uvotsource: 	WHITE   : ZPT=21.09 ZPE=0.04 FCF=5.249E-17 FCE=7.0E-18 WAV=2753
uvotsource: 	UVW1    : ZPT=18.95 ZPE=0.03 FCF=4.623E-16 FCE=1.4E-17 WAV=2486
uvotsource: 	UVW2    : ZPT=19.11 ZPE=0.03 FCF=6.225E-16 FCE=1.3E-17 WAV=1991
uvotsource: 	UVM2    : ZPT=18.54 ZPE=0.03 FCF=8.489E-16 FCE=5.3E-18 WAV=2221
uvotsource: 	VGRISM  : ZPT=99.99 ZPE=0.0 FCF=0.0 FCE=0.0 WAV=0
uvotsource: 	UGRISM  : ZPT=99.99 ZPE=0.0 FCF=0.0 FCE=0.0 WAV=0
uvotsource: Vega magnitude system
uvotsource: 	B       : ZPT=19.11 ZPE=0.02 FCF=1.471E-16 FCE=5.6E-19 WAV=4329
uvotsource: 	U       : ZPT=18.34 ZPE=0.02 FCF=1.628E-16 FCE=2.5E-18 WAV=3501
uvotsource: 	V       : ZPT=17.89 ZPE=0.01 FCF=2.613E-16 FCE=8.7E-19 WAV=5402
uvotsource: 	WHITE   : ZPT=20.29 ZPE=0.04 FCF=3.677E-17 FCE=4.9E-18 WAV=3470
uvotsource: 	UVW1    : ZPT=17.44 ZPE=0.03 FCF=4.209E-16 FCE=1.3E-17 WAV=2591
uvotsource: 	UVW2    : ZPT=17.38 ZPE=0.03 FCF=5.976E-16 FCE=1.3E-17 WAV=2033
uvotsource: 	UVM2    : ZPT=16.85 ZPE=0.03 FCF=8.446E-16 FCE=5.3E-18 WAV=2229
uvotsource: 	VGRISM  : ZPT=99.99 ZPE=0.0 FCF=0.0 FCE=0.0 WAV=0
uvotsource: 	UGRISM  : ZPT=99.99 ZPE=0.0 FCF=0.0 FCE=0.0 WAV=0
uvotsource: querying CALDB with
	CODENAME => REEF
	MISSION => SWIFT
	INSTRUMENT => UVOTA
	DETECTOR => 600
	FILTER => -
	STARTDATE => 2024-03-03
	STARTTIME => 22:13:39
	STOPDATE => 2024-03-03
	STOPTIME => 22:13:39
	EXPRESSION => -
uvotsource: selected REEF https://heasarc.gsfc.nasa.gov/FTP/caldb/data/swift/uvota/cpf/psf/swureef20041120v104.fits
uvotsource: querying CALDB with
	CODENAME => SKYFLAT
	MISSION => SWIFT
	INSTRUMENT => UVOTA
	DETECTOR => 600
	FILTER => V
	STARTDATE => 2024-03-03
	STARTTIME => 22:13:39
	STOPDATE => 2024-03-03
	STOPTIME => 22:13:39
	EXPRESSION => -
uvotsource: selected SKYFLAT https://heasarc.gsfc.nasa.gov/FTP/caldb/data/swift/uvota/bcf/flats/swulssens20041120v003.fits[3]
uvotsource: querying CALDB with
	CODENAME => SENSCORR
	MISSION => SWIFT
	INSTRUMENT => UVOTA
	DETECTOR => 600
	FILTER => -
	STARTDATE => 2024-03-03
	STARTTIME => 22:13:39
	STOPDATE => 2024-03-03
	STOPTIME => 22:13:39
	EXPRESSION => -
uvotsource: selected SENSCORR https://heasarc.gsfc.nasa.gov/FTP/caldb/data/swift/uvota/bcf/senscorr/swusenscorr20041120v007.fits[1]
uvotsource: /mnt/sdb1/Swift/OP313/reproc/00036384074/uvotproduct/source.reg: looks OK
uvotsource: /mnt/sdb1/Swift/OP313/reproc/00036384074/uvotproduct/background.reg: looks OK
uvotsource: verbose: not checking whether regions are in FOV
not checking whether regions are in FOV
uvotsource: verbose: no exposure map so only able to validate that regions are inside image
uvotsource: shell uvotinteg "infile=/mnt/sdb1/Swift/OP313/reproc/00036384074/uvot/image/sw00036384074uvv_sk.img.gz+1[pix 1]" "regfile=/mnt/sdb1/Swift/OP313/reproc/00036384074/uvotproduct/source.reg,/mnt/sdb1/Swift/OP313/reproc/00036384074/uvotproduct/background.reg" "operation=FOV" "subpixels=8" "chatter=2" "format=DEFAULT" "control=BASIC" "nsigma=3" "nullarea=no" "sysname=DEFAULT"
uvotsource: 
--- begin uvotinteg
monitor: fov: 1.000 [value]
monitor: nulls: 0
monitor: goods: 443361
monitor: fov: 1.000 [value]
monitor: nulls: 0
monitor: goods: 30637643
--- end uvotinteg
uvotsource: verbose: /mnt/sdb1/Swift/OP313/reproc/00036384074/uvotproduct/source.reg containment is 1.000
uvotsource: verbose: /mnt/sdb1/Swift/OP313/reproc/00036384074/uvotproduct/background.reg containment is 1.000
uvotsource: shell uvotinteg "infile=/mnt/sdb1/Swift/OP313/reproc/00036384074/uvot/image/sw00036384074uvv_sk.img.gz+1" "regfile=tmpsrcreg.1095773.2.reg,tmpbkgreg.1095773.1.reg,std.1095773.3.reg" "operation=AREA,SUM" "subpixels=8" "sysname=DEFAULT" "nsigma=3" "nullarea=no" "control=BASIC" "format=DEFAULT" "chatter=2"
uvotsource: 
--- begin uvotinteg
monitor: area: 6927.516 [pixel]
monitor: nulls: 0
monitor: goods: 443361
monitor: sum: 6769.222 [value]
monitor: area: 478713.172 [pixel]
monitor: nulls: 0
monitor: goods: 30637643
monitor: sum: 362472.468 [value]
monitor: area: 77.891 [pixel]
monitor: nulls: 0
monitor: goods: 4985
monitor: sum: 162.019 [value]
--- end uvotinteg
source2 updateFrametimeParameters NFRAMES (HDR) = 6778.43948031342
source2 updateFrametimeParameters NFRAMES (SRC) = 6778.43948031342
source2 updateFrametimeParameters NFRAMES (BKG) = 6778.43948031342

Source2 .. deriveRates  exposure src = 73.6016515651392
Source2 .. deriveRates  exposure bkg = 73.6016515651392
Source2 .. deriveRates  exposure hdr = 73.6016515651392
Source2 .. deriveRates  NFRAMES(SRC,BKG) = 6778.43948031342,6778.43948031342 !!! 
bkg: counts=362472.468 area=478713.172 [pix] exp=73.6016515651392 [s]
src: counts=6769.222 area=6927.516 [pix] exp=73.6016515651392 [s]
b = (bkg_cnts=362472.468) / (bkg_exp_s=73.6016515651392 * N_b=478713.172) = 0.010288 [count/s/pix]
b_sig = (bkg_cnts_err = 599.382) / (bkg_exp_s=73.6016515651392 * N_b=478713.172) = 0.000017 [count/s/pix]
s = (src_cnts=6769.222) / (T_s=src_exp_s=73.6016515651392) = 91.971061 [count/s]
s_sig = (src_cnts_err=3.034) / T_s) = 0.041221 [count/s]
r = s {91.971061} - b {0.010288} * N_s = 20.703873 [count/s]
r_sig = sqrt(s_sig {0.041221}**2 + (b_sig {0.000017} * N_s)**2) = 0.124848 [count/s]
nsigma = 165.83
uvotsource: keyword CRVAL1 |197.543054438| => |197.543054438|
uvotsource: keyword CRVAL2 |32.3575501376| => |32.3575501376|
uvotsource: keyword CRPIX1 |707.5| => |707.5|
uvotsource: keyword CRPIX2 |446.| => |446.|
uvotsource: keyword CDELT1 |-0.00027888888381462| => |-0.00027888888381462|
uvotsource: keyword CDELT2 |0.00027888888381462| => |0.00027888888381462|
uvotsource: keyword CUNIT1 |deg| => |deg|
uvotsource: keyword CUNIT2 |deg| => |deg|
uvotsource: keyword CTYPE1 |RA---TAN| => |RA---TAN|
uvotsource: keyword CTYPE2 |DEC--TAN| => |DEC--TAN|
uvotsource: keyword CRVAL1D |0.| => |0.|
uvotsource: keyword CRVAL2D |0.| => |0.|
uvotsource: keyword CRPIX1D |606.089087416378| => |606.089087416378|
uvotsource: keyword CRPIX2D |621.253422850638| => |621.253422850638|
uvotsource: keyword CDELT1D |0.0181499955924677| => |0.0181499955924677|
uvotsource: keyword CDELT2D |0.0181499955924677| => |0.0181499955924677|
uvotsource: keyword CUNIT1D |mm| => |mm|
uvotsource: keyword CUNIT2D |mm| => |mm|
uvotsource: keyword CTYPE1D |DETX| => |DETX|
uvotsource: keyword CTYPE2D |DETY| => |DETY|
uvotsource: keyword PC1_1D |-0.959782548969067| => |-0.959782548969067|
uvotsource: keyword PC1_2D |0.280744513307535| => |0.280744513307535|
uvotsource: keyword PC2_1D |-0.280744041214008| => |-0.280744041214008|
uvotsource: keyword PC2_2D |-0.959782663036387| => |-0.959782663036387|
uvotsource: verbose: DET 1214.46,1589.29 => RAW 1148.72,1509.13
uvotsource: Source
            Position: RA = 13h 10m 28.14s, Dec = +32d 20m 43.6s (J2000)
            Position: RA = 197.61723, Dec = 32.34545 (J2000)
            Exposure: 73.60 s (source)
            Exposure: 73.60 s (background)
              Filter: V
        Significance: 165.8 sigma (stat)
    Background-limit: 1.0 sigma (stat)
uvotsource: UVOT v magnitude (Vega system)
              Source: 14.53 +/- 1.09 (stat) +/- 0.01 (sys)
          Background: 22.86 arcsec^-2
    Background-limit: 17.86
   Coincidence-limit: 11.46
uvotsource: UVOT v magnitude (AB system)
              Source: 14.52 +/- 1.09 (stat) +/- 0.01 (sys)
          Background: 22.85 arcsec^-2
    Background-limit: 17.85
   Coincidence-limit: 11.45
uvotsource: Flux density [erg/s/cm^2/A]
              Source: 5.75 +/- 5.75 (stat) +/- 0.02 (sys) x 10^-15
          Background: 2.68 +/- 0.00 (stat) +/- 0.01 (sys) x 10^-18 arcsec^-2
    Background-limit: 2.69 x 10^-16
   Coincidence-limit: 9.73 x 10^-14
uvotsource: Corrected rate [count/s]
              Source: 22.015 +/- 22.015 (stat)
          Background: 0.010 arcsec^-2
    Background-limit: 1.031
   Coincidence-limit: 372.234
uvotsource: Raw rate [count/s]
              Source: 20.704 +/- 0.125 (stat)
          Background: 0.010 arcsec^-2
    Background-limit: 0.998
   Coincidence-limit: 90.644
uvotsource: Flux density [mJy at 5.550 x 10^14 Hz]
              Source: 5.60 +/- 5.60 (stat) +/- 0.02 (sys) x 10^0
          Background: 2.61 +/- 0.00 (stat) +/- 0.01 (sys) x 10^-3 arcsec^-2
    Background-limit: 2.62 x 10^-1
   Coincidence-limit: 9.47 x 10^1
uvotsource: shell ftcreate "cdfile=his.1095773.4.cdf" "datafile=his.1095773.5.dat" "outfile=this.1095773.7.fits" "history=NO" "nskip=0" "chatter=1" "clobber=NO" "inull=0" "tabtyp=BINARY" "morehdr=0" "nrows=0"
uvotsource: --- begin/end ftcreate
uvotsource: shell fthedit "infile=this.1095773.7.fits+1" "keyword=@head.1095773.6.txt" "history=NO" "chatter=1" "longstring=NO" "protect=YES"
uvotsource: --- begin/end fthedit
uvotsource: shell fthedit "infile=this.1095773.7.fits+0" "keyword=@head.1095773.6.txt" "chatter=1" "history=NO" "longstring=NO" "protect=YES"
uvotsource: --- begin/end fthedit
uvotsource: complete [time=1720769675, delta=260, elapsed=260]
uvotsource: Got parameters:
	image = /mnt/sdb1/Swift/OP313/reproc/00036384074/uvot/image/sw00036384074uvv_sk.img.gz+1
	srcreg = /mnt/sdb1/Swift/OP313/reproc/00036384074/uvotproduct/source.reg
	bkgreg = /mnt/sdb1/Swift/OP313/reproc/00036384074/uvotproduct/background.reg
	sigma = 1
	apercorr = CURVEOFGROWTH
	output = ALL
	expfile = NONE
	cleanup = yes
	clobber = yes
	chatter = 5
uvotsource: Checking quality of input files
uvotsource: /mnt/sdb1/Swift/OP313/reproc/00036384074/uvot/image/sw00036384074uvv_sk.img.gz+1: OK
uvotsource: Reading image keywords
uvotsource: querying CALDB with
	CODENAME => COINCIDENCE
	MISSION => SWIFT
	INSTRUMENT => UVOTA
	DETECTOR => 600
	FILTER => V
	STARTDATE => 2024-03-03
	STARTTIME => 22:13:39
	STOPDATE => 2024-03-03
	STOPTIME => 22:13:39
	EXPRESSION => -
uvotsource: selected COINCIDENCE https://heasarc.gsfc.nasa.gov/FTP/caldb/data/swift/uvota/bcf/coinc/swucountcor20010101v103.fits[1]
uvotsource: querying CALDB with
	CODENAME => COLORTABLE
	MISSION => SWIFT
	INSTRUMENT => UVOTA
	DETECTOR => 600
	FILTER => V
	STARTDATE => 2024-03-03
	STARTTIME => 22:13:39
	STOPDATE => 2024-03-03
	STOPTIME => 22:13:39
	EXPRESSION => -
uvotsource: selected COLORTABLE https://heasarc.gsfc.nasa.gov/FTP/caldb/data/swift/uvota/bcf/phot/swuphot20041120v108.fits[1]
uvotsource: AB magnitude system
uvotsource: 	B       : ZPT=18.98 ZPE=0.02 FCF=1.480E-16 FCE=5.6E-19 WAV=4321
uvotsource: 	U       : ZPT=19.36 ZPE=0.02 FCF=1.663E-16 FCE=2.5E-18 WAV=3442
uvotsource: 	V       : ZPT=17.88 ZPE=0.01 FCF=2.611E-16 FCE=8.7E-19 WAV=5410
uvotsource: 	WHITE   : ZPT=21.09 ZPE=0.04 FCF=5.249E-17 FCE=7.0E-18 WAV=2753
uvotsource: 	UVW1    : ZPT=18.95 ZPE=0.03 FCF=4.623E-16 FCE=1.4E-17 WAV=2486
uvotsource: 	UVW2    : ZPT=19.11 ZPE=0.03 FCF=6.225E-16 FCE=1.3E-17 WAV=1991
uvotsource: 	UVM2    : ZPT=18.54 ZPE=0.03 FCF=8.489E-16 FCE=5.3E-18 WAV=2221
uvotsource: 	VGRISM  : ZPT=99.99 ZPE=0.0 FCF=0.0 FCE=0.0 WAV=0
uvotsource: 	UGRISM  : ZPT=99.99 ZPE=0.0 FCF=0.0 FCE=0.0 WAV=0
uvotsource: Vega magnitude system
uvotsource: 	B       : ZPT=19.11 ZPE=0.02 FCF=1.471E-16 FCE=5.6E-19 WAV=4329
uvotsource: 	U       : ZPT=18.34 ZPE=0.02 FCF=1.628E-16 FCE=2.5E-18 WAV=3501
uvotsource: 	V       : ZPT=17.89 ZPE=0.01 FCF=2.613E-16 FCE=8.7E-19 WAV=5402
uvotsource: 	WHITE   : ZPT=20.29 ZPE=0.04 FCF=3.677E-17 FCE=4.9E-18 WAV=3470
uvotsource: 	UVW1    : ZPT=17.44 ZPE=0.03 FCF=4.209E-16 FCE=1.3E-17 WAV=2591
uvotsource: 	UVW2    : ZPT=17.38 ZPE=0.03 FCF=5.976E-16 FCE=1.3E-17 WAV=2033
uvotsource: 	UVM2    : ZPT=16.85 ZPE=0.03 FCF=8.446E-16 FCE=5.3E-18 WAV=2229
uvotsource: 	VGRISM  : ZPT=99.99 ZPE=0.0 FCF=0.0 FCE=0.0 WAV=0
uvotsource: 	UGRISM  : ZPT=99.99 ZPE=0.0 FCF=0.0 FCE=0.0 WAV=0
uvotsource: querying CALDB with
	CODENAME => REEF
	MISSION => SWIFT
	INSTRUMENT => UVOTA
	DETECTOR => 600
	FILTER => -
	STARTDATE => 2024-03-03
	STARTTIME => 22:13:39
	STOPDATE => 2024-03-03
	STOPTIME => 22:13:39
	EXPRESSION => -
uvotsource: selected REEF https://heasarc.gsfc.nasa.gov/FTP/caldb/data/swift/uvota/cpf/psf/swureef20041120v104.fits
uvotsource: querying CALDB with
	CODENAME => SKYFLAT
	MISSION => SWIFT
	INSTRUMENT => UVOTA
	DETECTOR => 600
	FILTER => V
	STARTDATE => 2024-03-03
	STARTTIME => 22:13:39
	STOPDATE => 2024-03-03
	STOPTIME => 22:13:39
	EXPRESSION => -
uvotsource: selected SKYFLAT https://heasarc.gsfc.nasa.gov/FTP/caldb/data/swift/uvota/bcf/flats/swulssens20041120v003.fits[3]
uvotsource: querying CALDB with
	CODENAME => SENSCORR
	MISSION => SWIFT
	INSTRUMENT => UVOTA
	DETECTOR => 600
	FILTER => -
	STARTDATE => 2024-03-03
	STARTTIME => 22:13:39
	STOPDATE => 2024-03-03
	STOPTIME => 22:13:39
	EXPRESSION => -
uvotsource: selected SENSCORR https://heasarc.gsfc.nasa.gov/FTP/caldb/data/swift/uvota/bcf/senscorr/swusenscorr20041120v007.fits[1]
uvotsource: /mnt/sdb1/Swift/OP313/reproc/00036384074/uvotproduct/source.reg: looks OK
uvotsource: /mnt/sdb1/Swift/OP313/reproc/00036384074/uvotproduct/background.reg: looks OK
uvotsource: verbose: not checking whether regions are in FOV
not checking whether regions are in FOV
uvotsource: verbose: no exposure map so only able to validate that regions are inside image
uvotsource: shell uvotinteg "infile=/mnt/sdb1/Swift/OP313/reproc/00036384074/uvot/image/sw00036384074uvv_sk.img.gz+1[pix 1]" "regfile=/mnt/sdb1/Swift/OP313/reproc/00036384074/uvotproduct/source.reg,/mnt/sdb1/Swift/OP313/reproc/00036384074/uvotproduct/background.reg" "operation=FOV" "subpixels=8" "nsigma=3" "sysname=DEFAULT" "nullarea=no" "chatter=2" "control=BASIC" "format=DEFAULT"
uvotsource: 
--- begin uvotinteg
monitor: fov: 1.000 [value]
monitor: nulls: 0
monitor: goods: 4987
monitor: fov: 1.000 [value]
monitor: nulls: 0
monitor: goods: 287967
--- end uvotinteg
uvotsource: verbose: /mnt/sdb1/Swift/OP313/reproc/00036384074/uvotproduct/source.reg containment is 1.000
uvotsource: verbose: /mnt/sdb1/Swift/OP313/reproc/00036384074/uvotproduct/background.reg containment is 1.000
uvotsource: shell uvotinteg "infile=/mnt/sdb1/Swift/OP313/reproc/00036384074/uvot/image/sw00036384074uvv_sk.img.gz+1" "regfile=tmpsrcreg.1104007.2.reg,tmpbkgreg.1104007.1.reg,std.1104007.3.reg" "operation=AREA,SUM" "subpixels=8" "nsigma=3" "sysname=DEFAULT" "chatter=2" "nullarea=no" "control=BASIC" "format=DEFAULT"
uvotsource: 
--- begin uvotinteg
monitor: area: 77.922 [pixel]
monitor: nulls: 0
monitor: goods: 4987
monitor: sum: 1124.459 [value]
monitor: area: 4499.484 [pixel]
monitor: nulls: 0
monitor: goods: 287967
monitor: sum: 3597.051 [value]
monitor: area: 77.922 [pixel]
monitor: nulls: 0
monitor: goods: 4987
monitor: sum: 1124.459 [value]
--- end uvotinteg
source2 updateFrametimeParameters NFRAMES (HDR) = 6778.43948031342
source2 updateFrametimeParameters NFRAMES (SRC) = 6778.43948031342
source2 updateFrametimeParameters NFRAMES (BKG) = 6778.43948031342

Source2 .. deriveRates  exposure src = 73.6016515651392
Source2 .. deriveRates  exposure bkg = 73.6016515651392
Source2 .. deriveRates  exposure hdr = 73.6016515651392
Source2 .. deriveRates  NFRAMES(SRC,BKG) = 6778.43948031342,6778.43948031342 !!! 
bkg: counts=3597.051 area=4499.484 [pix] exp=73.6016515651392 [s]
src: counts=1124.459 area=77.922 [pix] exp=73.6016515651392 [s]
b = (bkg_cnts=3597.051) / (bkg_exp_s=73.6016515651392 * N_b=4499.484) = 0.010862 [count/s/pix]
b_sig = (bkg_cnts_err = 59.694) / (bkg_exp_s=73.6016515651392 * N_b=4499.484) = 0.000180 [count/s/pix]
s = (src_cnts=1124.459) / (T_s=src_exp_s=73.6016515651392) = 15.277633 [count/s]
s_sig = (src_cnts_err=30.626) / T_s) = 0.416099 [count/s]
r = s {15.277633} - b {0.010862} * N_s = 14.431270 [count/s]
r_sig = sqrt(s_sig {0.416099}**2 + (b_sig {0.000180} * N_s)**2) = 0.416336 [count/s]
nsigma = 34.66
uvotsource: keyword CRVAL1 |197.543054438| => |197.543054438|
uvotsource: keyword CRVAL2 |32.3575501376| => |32.3575501376|
uvotsource: keyword CRPIX1 |707.5| => |707.5|
uvotsource: keyword CRPIX2 |446.| => |446.|
uvotsource: keyword CDELT1 |-0.00027888888381462| => |-0.00027888888381462|
uvotsource: keyword CDELT2 |0.00027888888381462| => |0.00027888888381462|
uvotsource: keyword CUNIT1 |deg| => |deg|
uvotsource: keyword CUNIT2 |deg| => |deg|
uvotsource: keyword CTYPE1 |RA---TAN| => |RA---TAN|
uvotsource: keyword CTYPE2 |DEC--TAN| => |DEC--TAN|
uvotsource: keyword CRVAL1D |0.| => |0.|
uvotsource: keyword CRVAL2D |0.| => |0.|
uvotsource: keyword CRPIX1D |606.089087416378| => |606.089087416378|
uvotsource: keyword CRPIX2D |621.253422850638| => |621.253422850638|
uvotsource: keyword CDELT1D |0.0181499955924677| => |0.0181499955924677|
uvotsource: keyword CDELT2D |0.0181499955924677| => |0.0181499955924677|
uvotsource: keyword CUNIT1D |mm| => |mm|
uvotsource: keyword CUNIT2D |mm| => |mm|
uvotsource: keyword CTYPE1D |DETX| => |DETX|
uvotsource: keyword CTYPE2D |DETY| => |DETY|
uvotsource: keyword PC1_1D |-0.959782548969067| => |-0.959782548969067|
uvotsource: keyword PC1_2D |0.280744513307535| => |0.280744513307535|
uvotsource: keyword PC2_1D |-0.280744041214008| => |-0.280744041214008|
uvotsource: keyword PC2_2D |-0.959782663036387| => |-0.959782663036387|
uvotsource: verbose: DET 1227.40,1592.34 => RAW 1161.99,1512.33
uvotsource: Source
            Position: RA = 13h 10m 28.66s, Dec = +32d 20m 44.0s (J2000)
            Position: RA = 197.61942, Dec = 32.34555 (J2000)
            Exposure: 73.60 s (source)
            Exposure: 73.60 s (background)
              Filter: V
        Significance: 34.7 sigma (stat)
    Background-limit: 1.0 sigma (stat)
uvotsource: UVOT v magnitude (Vega system)
              Source: 14.67 +/- 0.04 (stat) +/- 0.01 (sys)
          Background: 22.80 arcsec^-2
    Background-limit: 19.92
   Coincidence-limit: 11.46
uvotsource: UVOT v magnitude (AB system)
              Source: 14.66 +/- 0.04 (stat) +/- 0.01 (sys)
          Background: 22.79 arcsec^-2
    Background-limit: 19.91
   Coincidence-limit: 11.45
uvotsource: Flux density [erg/s/cm^2/A]
              Source: 5.05 +/- 0.19 (stat) +/- 0.02 (sys) x 10^-15
          Background: 2.83 +/- 0.05 (stat) +/- 0.01 (sys) x 10^-18 arcsec^-2
    Background-limit: 4.01 x 10^-17
   Coincidence-limit: 9.73 x 10^-14
uvotsource: Corrected rate [count/s]
              Source: 19.332 +/- 0.735 (stat)
          Background: 0.011 arcsec^-2
    Background-limit: 0.153
   Coincidence-limit: 372.234
uvotsource: Raw rate [count/s]
              Source: 14.431 +/- 0.416 (stat)
          Background: 0.011 arcsec^-2
    Background-limit: 0.115
   Coincidence-limit: 90.644
uvotsource: Flux density [mJy at 5.550 x 10^14 Hz]
              Source: 4.92 +/- 0.19 (stat) +/- 0.02 (sys) x 10^0
          Background: 2.75 +/- 0.05 (stat) +/- 0.01 (sys) x 10^-3 arcsec^-2
    Background-limit: 3.90 x 10^-2
   Coincidence-limit: 9.47 x 10^1
uvotsource: shell ftcreate "cdfile=his.1104007.4.cdf" "datafile=his.1104007.5.dat" "outfile=this.1104007.7.fits" "nskip=0" "tabtyp=BINARY" "history=NO" "clobber=NO" "inull=0" "morehdr=0" "chatter=1" "nrows=0"
uvotsource: --- begin/end ftcreate
uvotsource: shell fthedit "infile=this.1104007.7.fits+1" "keyword=@head.1104007.6.txt" "history=NO" "longstring=NO" "protect=YES" "chatter=1"
uvotsource: --- begin/end fthedit
uvotsource: shell fthedit "infile=this.1104007.7.fits+0" "keyword=@head.1104007.6.txt" "longstring=NO" "history=NO" "protect=YES" "chatter=1"
uvotsource: --- begin/end fthedit
uvotsource: complete [time=1720783225, delta=262, elapsed=262]
uvotsource: Got parameters:
	image = /mnt/sdb1/Swift/OP313/reproc/00036384074/uvot/image/sw00036384074uvv_sk.img.gz+1
	srcreg = /mnt/sdb1/Swift/OP313/reproc/00036384074/uvotproduct/source.reg
	bkgreg = /mnt/sdb1/Swift/OP313/reproc/00036384074/uvotproduct/background.reg
	sigma = 1
	apercorr = CURVEOFGROWTH
	output = ALL
	expfile = NONE
	cleanup = yes
	clobber = yes
	chatter = 5
uvotsource: Checking quality of input files
uvotsource: /mnt/sdb1/Swift/OP313/reproc/00036384074/uvot/image/sw00036384074uvv_sk.img.gz+1: OK
uvotsource: Reading image keywords
uvotsource: querying CALDB with
	CODENAME => COINCIDENCE
	MISSION => SWIFT
	INSTRUMENT => UVOTA
	DETECTOR => 600
	FILTER => V
	STARTDATE => 2024-03-03
	STARTTIME => 22:13:39
	STOPDATE => 2024-03-03
	STOPTIME => 22:13:39
	EXPRESSION => -
uvotsource: selected COINCIDENCE https://heasarc.gsfc.nasa.gov/FTP/caldb/data/swift/uvota/bcf/coinc/swucountcor20010101v103.fits[1]
uvotsource: querying CALDB with
	CODENAME => COLORTABLE
	MISSION => SWIFT
	INSTRUMENT => UVOTA
	DETECTOR => 600
	FILTER => V
	STARTDATE => 2024-03-03
	STARTTIME => 22:13:39
	STOPDATE => 2024-03-03
	STOPTIME => 22:13:39
	EXPRESSION => -
uvotsource: selected COLORTABLE https://heasarc.gsfc.nasa.gov/FTP/caldb/data/swift/uvota/bcf/phot/swuphot20041120v108.fits[1]
uvotsource: AB magnitude system
uvotsource: 	B       : ZPT=18.98 ZPE=0.02 FCF=1.480E-16 FCE=5.6E-19 WAV=4321
uvotsource: 	U       : ZPT=19.36 ZPE=0.02 FCF=1.663E-16 FCE=2.5E-18 WAV=3442
uvotsource: 	V       : ZPT=17.88 ZPE=0.01 FCF=2.611E-16 FCE=8.7E-19 WAV=5410
uvotsource: 	WHITE   : ZPT=21.09 ZPE=0.04 FCF=5.249E-17 FCE=7.0E-18 WAV=2753
uvotsource: 	UVW1    : ZPT=18.95 ZPE=0.03 FCF=4.623E-16 FCE=1.4E-17 WAV=2486
uvotsource: 	UVW2    : ZPT=19.11 ZPE=0.03 FCF=6.225E-16 FCE=1.3E-17 WAV=1991
uvotsource: 	UVM2    : ZPT=18.54 ZPE=0.03 FCF=8.489E-16 FCE=5.3E-18 WAV=2221
uvotsource: 	VGRISM  : ZPT=99.99 ZPE=0.0 FCF=0.0 FCE=0.0 WAV=0
uvotsource: 	UGRISM  : ZPT=99.99 ZPE=0.0 FCF=0.0 FCE=0.0 WAV=0
uvotsource: Vega magnitude system
uvotsource: 	B       : ZPT=19.11 ZPE=0.02 FCF=1.471E-16 FCE=5.6E-19 WAV=4329
uvotsource: 	U       : ZPT=18.34 ZPE=0.02 FCF=1.628E-16 FCE=2.5E-18 WAV=3501
uvotsource: 	V       : ZPT=17.89 ZPE=0.01 FCF=2.613E-16 FCE=8.7E-19 WAV=5402
uvotsource: 	WHITE   : ZPT=20.29 ZPE=0.04 FCF=3.677E-17 FCE=4.9E-18 WAV=3470
uvotsource: 	UVW1    : ZPT=17.44 ZPE=0.03 FCF=4.209E-16 FCE=1.3E-17 WAV=2591
uvotsource: 	UVW2    : ZPT=17.38 ZPE=0.03 FCF=5.976E-16 FCE=1.3E-17 WAV=2033
uvotsource: 	UVM2    : ZPT=16.85 ZPE=0.03 FCF=8.446E-16 FCE=5.3E-18 WAV=2229
uvotsource: 	VGRISM  : ZPT=99.99 ZPE=0.0 FCF=0.0 FCE=0.0 WAV=0
uvotsource: 	UGRISM  : ZPT=99.99 ZPE=0.0 FCF=0.0 FCE=0.0 WAV=0
uvotsource: querying CALDB with
	CODENAME => REEF
	MISSION => SWIFT
	INSTRUMENT => UVOTA
	DETECTOR => 600
	FILTER => -
	STARTDATE => 2024-03-03
	STARTTIME => 22:13:39
	STOPDATE => 2024-03-03
	STOPTIME => 22:13:39
	EXPRESSION => -
uvotsource: selected REEF https://heasarc.gsfc.nasa.gov/FTP/caldb/data/swift/uvota/cpf/psf/swureef20041120v104.fits
uvotsource: querying CALDB with
	CODENAME => SKYFLAT
	MISSION => SWIFT
	INSTRUMENT => UVOTA
	DETECTOR => 600
	FILTER => V
	STARTDATE => 2024-03-03
	STARTTIME => 22:13:39
	STOPDATE => 2024-03-03
	STOPTIME => 22:13:39
	EXPRESSION => -
uvotsource: selected SKYFLAT https://heasarc.gsfc.nasa.gov/FTP/caldb/data/swift/uvota/bcf/flats/swulssens20041120v003.fits[3]
uvotsource: querying CALDB with
	CODENAME => SENSCORR
	MISSION => SWIFT
	INSTRUMENT => UVOTA
	DETECTOR => 600
	FILTER => -
	STARTDATE => 2024-03-03
	STARTTIME => 22:13:39
	STOPDATE => 2024-03-03
	STOPTIME => 22:13:39
	EXPRESSION => -
uvotsource: selected SENSCORR https://heasarc.gsfc.nasa.gov/FTP/caldb/data/swift/uvota/bcf/senscorr/swusenscorr20041120v007.fits[1]
uvotsource: /mnt/sdb1/Swift/OP313/reproc/00036384074/uvotproduct/source.reg: looks OK
uvotsource: /mnt/sdb1/Swift/OP313/reproc/00036384074/uvotproduct/background.reg: looks OK
uvotsource: verbose: not checking whether regions are in FOV
not checking whether regions are in FOV
uvotsource: verbose: no exposure map so only able to validate that regions are inside image
uvotsource: shell uvotinteg "infile=/mnt/sdb1/Swift/OP313/reproc/00036384074/uvot/image/sw00036384074uvv_sk.img.gz+1[pix 1]" "regfile=/mnt/sdb1/Swift/OP313/reproc/00036384074/uvotproduct/source.reg,/mnt/sdb1/Swift/OP313/reproc/00036384074/uvotproduct/background.reg" "operation=FOV" "subpixels=8" "format=DEFAULT" "sysname=DEFAULT" "nsigma=3" "chatter=2" "nullarea=no" "control=BASIC"
uvotsource: 
--- begin uvotinteg
monitor: fov: 1.000 [value]
monitor: nulls: 0
monitor: goods: 4987
monitor: fov: 1.000 [value]
monitor: nulls: 0
monitor: goods: 287967
--- end uvotinteg
uvotsource: verbose: /mnt/sdb1/Swift/OP313/reproc/00036384074/uvotproduct/source.reg containment is 1.000
uvotsource: verbose: /mnt/sdb1/Swift/OP313/reproc/00036384074/uvotproduct/background.reg containment is 1.000
uvotsource: shell uvotinteg "infile=/mnt/sdb1/Swift/OP313/reproc/00036384074/uvot/image/sw00036384074uvv_sk.img.gz+1" "regfile=tmpsrcreg.1157382.2.reg,tmpbkgreg.1157382.1.reg,std.1157382.3.reg" "operation=AREA,SUM" "subpixels=8" "nullarea=no" "control=BASIC" "sysname=DEFAULT" "nsigma=3" "chatter=2" "format=DEFAULT"
uvotsource: 
--- begin uvotinteg
monitor: area: 77.922 [pixel]
monitor: nulls: 0
monitor: goods: 4987
monitor: sum: 1124.459 [value]
monitor: area: 4499.484 [pixel]
monitor: nulls: 0
monitor: goods: 287967
monitor: sum: 3597.051 [value]
monitor: area: 77.922 [pixel]
monitor: nulls: 0
monitor: goods: 4987
monitor: sum: 1124.459 [value]
--- end uvotinteg
source2 updateFrametimeParameters NFRAMES (HDR) = 6778.43948031342
source2 updateFrametimeParameters NFRAMES (SRC) = 6778.43948031342
source2 updateFrametimeParameters NFRAMES (BKG) = 6778.43948031342

Source2 .. deriveRates  exposure src = 73.6016515651392
Source2 .. deriveRates  exposure bkg = 73.6016515651392
Source2 .. deriveRates  exposure hdr = 73.6016515651392
Source2 .. deriveRates  NFRAMES(SRC,BKG) = 6778.43948031342,6778.43948031342 !!! 
bkg: counts=3597.051 area=4499.484 [pix] exp=73.6016515651392 [s]
src: counts=1124.459 area=77.922 [pix] exp=73.6016515651392 [s]
b = (bkg_cnts=3597.051) / (bkg_exp_s=73.6016515651392 * N_b=4499.484) = 0.010862 [count/s/pix]
b_sig = (bkg_cnts_err = 59.694) / (bkg_exp_s=73.6016515651392 * N_b=4499.484) = 0.000180 [count/s/pix]
s = (src_cnts=1124.459) / (T_s=src_exp_s=73.6016515651392) = 15.277633 [count/s]
s_sig = (src_cnts_err=30.626) / T_s) = 0.416099 [count/s]
r = s {15.277633} - b {0.010862} * N_s = 14.431270 [count/s]
r_sig = sqrt(s_sig {0.416099}**2 + (b_sig {0.000180} * N_s)**2) = 0.416336 [count/s]
nsigma = 34.66
uvotsource: keyword CRVAL1 |197.543054438| => |197.543054438|
uvotsource: keyword CRVAL2 |32.3575501376| => |32.3575501376|
uvotsource: keyword CRPIX1 |707.5| => |707.5|
uvotsource: keyword CRPIX2 |446.| => |446.|
uvotsource: keyword CDELT1 |-0.00027888888381462| => |-0.00027888888381462|
uvotsource: keyword CDELT2 |0.00027888888381462| => |0.00027888888381462|
uvotsource: keyword CUNIT1 |deg| => |deg|
uvotsource: keyword CUNIT2 |deg| => |deg|
uvotsource: keyword CTYPE1 |RA---TAN| => |RA---TAN|
uvotsource: keyword CTYPE2 |DEC--TAN| => |DEC--TAN|
uvotsource: keyword CRVAL1D |0.| => |0.|
uvotsource: keyword CRVAL2D |0.| => |0.|
uvotsource: keyword CRPIX1D |606.089087416378| => |606.089087416378|
uvotsource: keyword CRPIX2D |621.253422850638| => |621.253422850638|
uvotsource: keyword CDELT1D |0.0181499955924677| => |0.0181499955924677|
uvotsource: keyword CDELT2D |0.0181499955924677| => |0.0181499955924677|
uvotsource: keyword CUNIT1D |mm| => |mm|
uvotsource: keyword CUNIT2D |mm| => |mm|
uvotsource: keyword CTYPE1D |DETX| => |DETX|
uvotsource: keyword CTYPE2D |DETY| => |DETY|
uvotsource: keyword PC1_1D |-0.959782548969067| => |-0.959782548969067|
uvotsource: keyword PC1_2D |0.280744513307535| => |0.280744513307535|
uvotsource: keyword PC2_1D |-0.280744041214008| => |-0.280744041214008|
uvotsource: keyword PC2_2D |-0.959782663036387| => |-0.959782663036387|
uvotsource: verbose: DET 1227.40,1592.34 => RAW 1161.99,1512.33
uvotsource: Source
            Position: RA = 13h 10m 28.66s, Dec = +32d 20m 44.0s (J2000)
            Position: RA = 197.61942, Dec = 32.34555 (J2000)
            Exposure: 73.60 s (source)
            Exposure: 73.60 s (background)
              Filter: V
        Significance: 34.7 sigma (stat)
    Background-limit: 1.0 sigma (stat)
uvotsource: UVOT v magnitude (Vega system)
              Source: 14.67 +/- 0.04 (stat) +/- 0.01 (sys)
          Background: 22.80 arcsec^-2
    Background-limit: 19.92
   Coincidence-limit: 11.46
uvotsource: UVOT v magnitude (AB system)
              Source: 14.66 +/- 0.04 (stat) +/- 0.01 (sys)
          Background: 22.79 arcsec^-2
    Background-limit: 19.91
   Coincidence-limit: 11.45
uvotsource: Flux density [erg/s/cm^2/A]
              Source: 5.05 +/- 0.19 (stat) +/- 0.02 (sys) x 10^-15
          Background: 2.83 +/- 0.05 (stat) +/- 0.01 (sys) x 10^-18 arcsec^-2
    Background-limit: 4.01 x 10^-17
   Coincidence-limit: 9.73 x 10^-14
uvotsource: Corrected rate [count/s]
              Source: 19.332 +/- 0.735 (stat)
          Background: 0.011 arcsec^-2
    Background-limit: 0.153
   Coincidence-limit: 372.234
uvotsource: Raw rate [count/s]
              Source: 14.431 +/- 0.416 (stat)
          Background: 0.011 arcsec^-2
    Background-limit: 0.115
   Coincidence-limit: 90.644
uvotsource: Flux density [mJy at 5.550 x 10^14 Hz]
              Source: 4.92 +/- 0.19 (stat) +/- 0.02 (sys) x 10^0
          Background: 2.75 +/- 0.05 (stat) +/- 0.01 (sys) x 10^-3 arcsec^-2
    Background-limit: 3.90 x 10^-2
   Coincidence-limit: 9.47 x 10^1
uvotsource: shell ftcreate "cdfile=his.1157382.4.cdf" "datafile=his.1157382.5.dat" "outfile=this.1157382.7.fits" "inull=0" "tabtyp=BINARY" "history=NO" "morehdr=0" "nrows=0" "clobber=NO" "nskip=0" "chatter=1"
uvotsource: --- begin/end ftcreate
uvotsource: shell fthedit "infile=this.1157382.7.fits+1" "keyword=@head.1157382.6.txt" "chatter=1" "protect=YES" "history=NO" "longstring=NO"
uvotsource: --- begin/end fthedit
uvotsource: shell fthedit "infile=this.1157382.7.fits+0" "keyword=@head.1157382.6.txt" "longstring=NO" "chatter=1" "protect=YES" "history=NO"
uvotsource: --- begin/end fthedit
uvotsource: complete [time=1720885323, delta=259, elapsed=259]
