uvotsource: Got parameters:
	image = /mnt/sdb1/Swift/OP313/reproc/00036384074/uvot/image/sw00036384074uuu_sk.img.gz+1
	srcreg = /mnt/sdb1/Swift/OP313/reproc/00036384074/uvotproduct/source.reg
	bkgreg = /mnt/sdb1/Swift/OP313/reproc/00036384074/uvotproduct/background.reg
	sigma = 1
	apercorr = CURVEOFGROWTH
	output = ALL
	expfile = NONE
	cleanup = yes
	clobber = yes
	chatter = 5
uvotsource: Checking quality of input files
uvotsource: /mnt/sdb1/Swift/OP313/reproc/00036384074/uvot/image/sw00036384074uuu_sk.img.gz+1: OK
uvotsource: Reading image keywords
uvotsource: querying CALDB with
	CODENAME => COINCIDENCE
	MISSION => SWIFT
	INSTRUMENT => UVOTA
	DETECTOR => 1400
	FILTER => U
	STARTDATE => 2024-03-03
	STARTTIME => 22:05:57
	STOPDATE => 2024-03-03
	STOPTIME => 22:05:57
	EXPRESSION => -
uvotsource: selected COINCIDENCE https://heasarc.gsfc.nasa.gov/FTP/caldb/data/swift/uvota/bcf/coinc/swucountcor20010101v103.fits[1]
uvotsource: querying CALDB with
	CODENAME => COLORTABLE
	MISSION => SWIFT
	INSTRUMENT => UVOTA
	DETECTOR => 1400
	FILTER => U
	STARTDATE => 2024-03-03
	STARTTIME => 22:05:57
	STOPDATE => 2024-03-03
	STOPTIME => 22:05:57
	EXPRESSION => -
uvotsource: selected COLORTABLE https://heasarc.gsfc.nasa.gov/FTP/caldb/data/swift/uvota/bcf/phot/swuphot20041120v108.fits[1]
uvotsource: AB magnitude system
uvotsource: 	B       : ZPT=18.98 ZPE=0.02 FCF=1.480E-16 FCE=5.6E-19 WAV=4321
uvotsource: 	U       : ZPT=19.36 ZPE=0.02 FCF=1.663E-16 FCE=2.5E-18 WAV=3442
uvotsource: 	V       : ZPT=17.88 ZPE=0.01 FCF=2.611E-16 FCE=8.7E-19 WAV=5410
uvotsource: 	WHITE   : ZPT=21.09 ZPE=0.04 FCF=5.249E-17 FCE=7.0E-18 WAV=2753
uvotsource: 	UVW1    : ZPT=18.95 ZPE=0.03 FCF=4.623E-16 FCE=1.4E-17 WAV=2486
uvotsource: 	UVW2    : ZPT=19.11 ZPE=0.03 FCF=6.225E-16 FCE=1.3E-17 WAV=1991
uvotsource: 	UVM2    : ZPT=18.54 ZPE=0.03 FCF=8.489E-16 FCE=5.3E-18 WAV=2221
uvotsource: 	VGRISM  : ZPT=99.99 ZPE=0.0 FCF=0.0 FCE=0.0 WAV=0
uvotsource: 	UGRISM  : ZPT=99.99 ZPE=0.0 FCF=0.0 FCE=0.0 WAV=0
uvotsource: Vega magnitude system
uvotsource: 	B       : ZPT=19.11 ZPE=0.02 FCF=1.471E-16 FCE=5.6E-19 WAV=4329
uvotsource: 	U       : ZPT=18.34 ZPE=0.02 FCF=1.628E-16 FCE=2.5E-18 WAV=3501
uvotsource: 	V       : ZPT=17.89 ZPE=0.01 FCF=2.613E-16 FCE=8.7E-19 WAV=5402
uvotsource: 	WHITE   : ZPT=20.29 ZPE=0.04 FCF=3.677E-17 FCE=4.9E-18 WAV=3470
uvotsource: 	UVW1    : ZPT=17.44 ZPE=0.03 FCF=4.209E-16 FCE=1.3E-17 WAV=2591
uvotsource: 	UVW2    : ZPT=17.38 ZPE=0.03 FCF=5.976E-16 FCE=1.3E-17 WAV=2033
uvotsource: 	UVM2    : ZPT=16.85 ZPE=0.03 FCF=8.446E-16 FCE=5.3E-18 WAV=2229
uvotsource: 	VGRISM  : ZPT=99.99 ZPE=0.0 FCF=0.0 FCE=0.0 WAV=0
uvotsource: 	UGRISM  : ZPT=99.99 ZPE=0.0 FCF=0.0 FCE=0.0 WAV=0
uvotsource: querying CALDB with
	CODENAME => REEF
	MISSION => SWIFT
	INSTRUMENT => UVOTA
	DETECTOR => 1400
	FILTER => -
	STARTDATE => 2024-03-03
	STARTTIME => 22:05:57
	STOPDATE => 2024-03-03
	STOPTIME => 22:05:57
	EXPRESSION => -
uvotsource: selected REEF https://heasarc.gsfc.nasa.gov/FTP/caldb/data/swift/uvota/cpf/psf/swureef20041120v104.fits
uvotsource: querying CALDB with
	CODENAME => SKYFLAT
	MISSION => SWIFT
	INSTRUMENT => UVOTA
	DETECTOR => 1400
	FILTER => U
	STARTDATE => 2024-03-03
	STARTTIME => 22:05:57
	STOPDATE => 2024-03-03
	STOPTIME => 22:05:57
	EXPRESSION => -
uvotsource: selected SKYFLAT https://heasarc.gsfc.nasa.gov/FTP/caldb/data/swift/uvota/bcf/flats/swulssens20041120v003.fits[1]
uvotsource: querying CALDB with
	CODENAME => SENSCORR
	MISSION => SWIFT
	INSTRUMENT => UVOTA
	DETECTOR => 1400
	FILTER => -
	STARTDATE => 2024-03-03
	STARTTIME => 22:05:57
	STOPDATE => 2024-03-03
	STOPTIME => 22:05:57
	EXPRESSION => -
uvotsource: selected SENSCORR https://heasarc.gsfc.nasa.gov/FTP/caldb/data/swift/uvota/bcf/senscorr/swusenscorr20041120v007.fits[1]
uvotsource: /mnt/sdb1/Swift/OP313/reproc/00036384074/uvotproduct/source.reg: looks OK
uvotsource: /mnt/sdb1/Swift/OP313/reproc/00036384074/uvotproduct/background.reg: looks OK
uvotsource: verbose: not checking whether regions are in FOV
not checking whether regions are in FOV
uvotsource: verbose: no exposure map so only able to validate that regions are inside image
uvotsource: shell uvotinteg "infile=/mnt/sdb1/Swift/OP313/reproc/00036384074/uvot/image/sw00036384074uuu_sk.img.gz+1[pix 1]" "regfile=/mnt/sdb1/Swift/OP313/reproc/00036384074/uvotproduct/source.reg,/mnt/sdb1/Swift/OP313/reproc/00036384074/uvotproduct/background.reg" "operation=FOV" "subpixels=8" "nsigma=3" "chatter=2" "nullarea=no" "control=BASIC" "format=DEFAULT" "sysname=DEFAULT"
uvotsource: 
--- begin uvotinteg
monitor: fov: 1.000 [value]
monitor: nulls: 0
monitor: goods: 443348
monitor: fov: 1.000 [value]
monitor: nulls: 0
monitor: goods: 30637632
--- end uvotinteg
uvotsource: verbose: /mnt/sdb1/Swift/OP313/reproc/00036384074/uvotproduct/source.reg containment is 1.000
uvotsource: verbose: /mnt/sdb1/Swift/OP313/reproc/00036384074/uvotproduct/background.reg containment is 1.000
uvotsource: shell uvotinteg "infile=/mnt/sdb1/Swift/OP313/reproc/00036384074/uvot/image/sw00036384074uuu_sk.img.gz+1" "regfile=tmpsrcreg.1095624.2.reg,tmpbkgreg.1095624.1.reg,std.1095624.3.reg" "operation=AREA,SUM" "subpixels=8" "nullarea=no" "chatter=2" "nsigma=3" "control=BASIC" "format=DEFAULT" "sysname=DEFAULT"
uvotsource: 
--- begin uvotinteg
monitor: area: 6927.312 [pixel]
monitor: nulls: 0
monitor: goods: 443348
monitor: sum: 6341.118 [value]
monitor: area: 478713.000 [pixel]
monitor: nulls: 0
monitor: goods: 30637632
monitor: sum: 253939.278 [value]
monitor: area: 77.875 [pixel]
monitor: nulls: 0
monitor: goods: 4984
monitor: sum: 357.885 [value]
--- end uvotinteg
source2 updateFrametimeParameters NFRAMES (HDR) = 6777.44239567089
source2 updateFrametimeParameters NFRAMES (SRC) = 6777.44239567089
source2 updateFrametimeParameters NFRAMES (BKG) = 6777.44239567089

Source2 .. deriveRates  exposure src = 73.5908250206737
Source2 .. deriveRates  exposure bkg = 73.5908250206737
Source2 .. deriveRates  exposure hdr = 73.5908250206737
Source2 .. deriveRates  NFRAMES(SRC,BKG) = 6777.44239567089,6777.44239567089 !!! 
bkg: counts=253939.278 area=478713 [pix] exp=73.5908250206737 [s]
src: counts=6341.118 area=6927.312 [pix] exp=73.5908250206737 [s]
b = (bkg_cnts=253939.278) / (bkg_exp_s=73.5908250206737 * N_b=478713) = 0.007208 [count/s/pix]
b_sig = (bkg_cnts_err = 502.356) / (bkg_exp_s=73.5908250206737 * N_b=478713) = 0.000014 [count/s/pix]
s = (src_cnts=6341.118) / (T_s=src_exp_s=73.5908250206737) = 86.167236 [count/s]
s_sig = (src_cnts_err=20.205) / T_s) = 0.274556 [count/s]
r = s {86.167236} - b {0.007208} * N_s = 36.233308 [count/s]
r_sig = sqrt(s_sig {0.274556}**2 + (b_sig {0.000014} * N_s)**2) = 0.291786 [count/s]
nsigma = 124.18
uvotsource: keyword CRVAL1 |197.542985059| => |197.542985059|
uvotsource: keyword CRVAL2 |32.3576742183| => |32.3576742183|
uvotsource: keyword CRPIX1 |705.5| => |705.5|
uvotsource: keyword CRPIX2 |451.5| => |451.5|
uvotsource: keyword CDELT1 |-0.00027888888381462| => |-0.00027888888381462|
uvotsource: keyword CDELT2 |0.00027888888381462| => |0.00027888888381462|
uvotsource: keyword CUNIT1 |deg| => |deg|
uvotsource: keyword CUNIT2 |deg| => |deg|
uvotsource: keyword CTYPE1 |RA---TAN| => |RA---TAN|
uvotsource: keyword CTYPE2 |DEC--TAN| => |DEC--TAN|
uvotsource: keyword CRVAL1D |0.| => |0.|
uvotsource: keyword CRVAL2D |0.| => |0.|
uvotsource: keyword CRPIX1D |605.951650497872| => |605.951650497872|
uvotsource: keyword CRPIX2D |621.53814583319| => |621.53814583319|
uvotsource: keyword CDELT1D |0.0181499958263033| => |0.0181499958263033|
uvotsource: keyword CDELT2D |0.0181499958263033| => |0.0181499958263033|
uvotsource: keyword CUNIT1D |mm| => |mm|
uvotsource: keyword CUNIT2D |mm| => |mm|
uvotsource: keyword CTYPE1D |DETX| => |DETX|
uvotsource: keyword CTYPE2D |DETY| => |DETY|
uvotsource: keyword PC1_1D |-0.959746513273477| => |-0.959746513273477|
uvotsource: keyword PC1_2D |0.280867685705122| => |0.280867685705122|
uvotsource: keyword PC2_1D |-0.280867237571299| => |-0.280867237571299|
uvotsource: keyword PC2_2D |-0.959746616688661| => |-0.959746616688661|
uvotsource: verbose: DET 1221.06,1581.31 => RAW 1155.34,1501.29
uvotsource: Source
            Position: RA = 13h 10m 28.14s, Dec = +32d 20m 43.6s (J2000)
            Position: RA = 197.61723, Dec = 32.34545 (J2000)
            Exposure: 73.59 s (source)
            Exposure: 73.59 s (background)
              Filter: U
        Significance: 124.2 sigma (stat)
    Background-limit: 1.0 sigma (stat)
uvotsource: UVOT u magnitude (Vega system)
              Source: 14.33 +/- 1.09 (stat) +/- 0.02 (sys)
          Background: 23.70 arcsec^-2
    Background-limit: 18.46
   Coincidence-limit: 11.91
uvotsource: UVOT u magnitude (AB system)
              Source: 15.35 +/- 1.09 (stat) +/- 0.02 (sys)
          Background: 24.72 arcsec^-2
    Background-limit: 19.48
   Coincidence-limit: 12.93
uvotsource: Flux density [erg/s/cm^2/A]
              Source: 6.54 +/- 6.54 (stat) +/- 0.10 (sys) x 10^-15
          Background: 1.17 +/- 0.00 (stat) +/- 0.02 (sys) x 10^-18 arcsec^-2
    Background-limit: 1.46 x 10^-16
   Coincidence-limit: 6.06 x 10^-14
uvotsource: Corrected rate [count/s]
              Source: 40.188 +/- 40.189 (stat)
          Background: 0.0072 arcsec^-2
    Background-limit: 0.895
   Coincidence-limit: 372.234
uvotsource: Raw rate [count/s]
              Source: 36.233 +/- 0.292 (stat)
          Background: 0.0072 arcsec^-2
    Background-limit: 0.836
   Coincidence-limit: 90.644
uvotsource: Flux density [mJy at 8.563 x 10^14 Hz]
              Source: 2.67 +/- 2.67 (stat) +/- 0.04 (sys) x 10^0
          Background: 4.78 +/- 0.01 (stat) +/- 0.07 (sys) x 10^-4 arcsec^-2
    Background-limit: 5.96 x 10^-2
   Coincidence-limit: 2.48 x 10^1
uvotsource: shell ftcreate "cdfile=his.1095624.4.cdf" "datafile=his.1095624.5.dat" "outfile=this.1095624.7.fits" "chatter=1" "tabtyp=BINARY" "history=NO" "nrows=0" "inull=0" "clobber=NO" "morehdr=0" "nskip=0"
uvotsource: --- begin/end ftcreate
uvotsource: shell fthedit "infile=this.1095624.7.fits+1" "keyword=@head.1095624.6.txt" "history=NO" "protect=YES" "longstring=NO" "chatter=1"
uvotsource: --- begin/end fthedit
uvotsource: shell fthedit "infile=this.1095624.7.fits+0" "keyword=@head.1095624.6.txt" "longstring=NO" "chatter=1" "protect=YES" "history=NO"
uvotsource: --- begin/end fthedit
uvotsource: complete [time=1720769393, delta=261, elapsed=261]
uvotsource: Got parameters:
	image = /mnt/sdb1/Swift/OP313/reproc/00036384074/uvot/image/sw00036384074uuu_sk.img.gz+1
	srcreg = /mnt/sdb1/Swift/OP313/reproc/00036384074/uvotproduct/source.reg
	bkgreg = /mnt/sdb1/Swift/OP313/reproc/00036384074/uvotproduct/background.reg
	sigma = 1
	apercorr = CURVEOFGROWTH
	output = ALL
	expfile = NONE
	cleanup = yes
	clobber = yes
	chatter = 5
uvotsource: Checking quality of input files
uvotsource: /mnt/sdb1/Swift/OP313/reproc/00036384074/uvot/image/sw00036384074uuu_sk.img.gz+1: OK
uvotsource: Reading image keywords
uvotsource: querying CALDB with
	CODENAME => COINCIDENCE
	MISSION => SWIFT
	INSTRUMENT => UVOTA
	DETECTOR => 1400
	FILTER => U
	STARTDATE => 2024-03-03
	STARTTIME => 22:05:57
	STOPDATE => 2024-03-03
	STOPTIME => 22:05:57
	EXPRESSION => -
uvotsource: selected COINCIDENCE https://heasarc.gsfc.nasa.gov/FTP/caldb/data/swift/uvota/bcf/coinc/swucountcor20010101v103.fits[1]
uvotsource: querying CALDB with
	CODENAME => COLORTABLE
	MISSION => SWIFT
	INSTRUMENT => UVOTA
	DETECTOR => 1400
	FILTER => U
	STARTDATE => 2024-03-03
	STARTTIME => 22:05:57
	STOPDATE => 2024-03-03
	STOPTIME => 22:05:57
	EXPRESSION => -
uvotsource: selected COLORTABLE https://heasarc.gsfc.nasa.gov/FTP/caldb/data/swift/uvota/bcf/phot/swuphot20041120v108.fits[1]
uvotsource: AB magnitude system
uvotsource: 	B       : ZPT=18.98 ZPE=0.02 FCF=1.480E-16 FCE=5.6E-19 WAV=4321
uvotsource: 	U       : ZPT=19.36 ZPE=0.02 FCF=1.663E-16 FCE=2.5E-18 WAV=3442
uvotsource: 	V       : ZPT=17.88 ZPE=0.01 FCF=2.611E-16 FCE=8.7E-19 WAV=5410
uvotsource: 	WHITE   : ZPT=21.09 ZPE=0.04 FCF=5.249E-17 FCE=7.0E-18 WAV=2753
uvotsource: 	UVW1    : ZPT=18.95 ZPE=0.03 FCF=4.623E-16 FCE=1.4E-17 WAV=2486
uvotsource: 	UVW2    : ZPT=19.11 ZPE=0.03 FCF=6.225E-16 FCE=1.3E-17 WAV=1991
uvotsource: 	UVM2    : ZPT=18.54 ZPE=0.03 FCF=8.489E-16 FCE=5.3E-18 WAV=2221
uvotsource: 	VGRISM  : ZPT=99.99 ZPE=0.0 FCF=0.0 FCE=0.0 WAV=0
uvotsource: 	UGRISM  : ZPT=99.99 ZPE=0.0 FCF=0.0 FCE=0.0 WAV=0
uvotsource: Vega magnitude system
uvotsource: 	B       : ZPT=19.11 ZPE=0.02 FCF=1.471E-16 FCE=5.6E-19 WAV=4329
uvotsource: 	U       : ZPT=18.34 ZPE=0.02 FCF=1.628E-16 FCE=2.5E-18 WAV=3501
uvotsource: 	V       : ZPT=17.89 ZPE=0.01 FCF=2.613E-16 FCE=8.7E-19 WAV=5402
uvotsource: 	WHITE   : ZPT=20.29 ZPE=0.04 FCF=3.677E-17 FCE=4.9E-18 WAV=3470
uvotsource: 	UVW1    : ZPT=17.44 ZPE=0.03 FCF=4.209E-16 FCE=1.3E-17 WAV=2591
uvotsource: 	UVW2    : ZPT=17.38 ZPE=0.03 FCF=5.976E-16 FCE=1.3E-17 WAV=2033
uvotsource: 	UVM2    : ZPT=16.85 ZPE=0.03 FCF=8.446E-16 FCE=5.3E-18 WAV=2229
uvotsource: 	VGRISM  : ZPT=99.99 ZPE=0.0 FCF=0.0 FCE=0.0 WAV=0
uvotsource: 	UGRISM  : ZPT=99.99 ZPE=0.0 FCF=0.0 FCE=0.0 WAV=0
uvotsource: querying CALDB with
	CODENAME => REEF
	MISSION => SWIFT
	INSTRUMENT => UVOTA
	DETECTOR => 1400
	FILTER => -
	STARTDATE => 2024-03-03
	STARTTIME => 22:05:57
	STOPDATE => 2024-03-03
	STOPTIME => 22:05:57
	EXPRESSION => -
uvotsource: selected REEF https://heasarc.gsfc.nasa.gov/FTP/caldb/data/swift/uvota/cpf/psf/swureef20041120v104.fits
uvotsource: querying CALDB with
	CODENAME => SKYFLAT
	MISSION => SWIFT
	INSTRUMENT => UVOTA
	DETECTOR => 1400
	FILTER => U
	STARTDATE => 2024-03-03
	STARTTIME => 22:05:57
	STOPDATE => 2024-03-03
	STOPTIME => 22:05:57
	EXPRESSION => -
uvotsource: selected SKYFLAT https://heasarc.gsfc.nasa.gov/FTP/caldb/data/swift/uvota/bcf/flats/swulssens20041120v003.fits[1]
uvotsource: querying CALDB with
	CODENAME => SENSCORR
	MISSION => SWIFT
	INSTRUMENT => UVOTA
	DETECTOR => 1400
	FILTER => -
	STARTDATE => 2024-03-03
	STARTTIME => 22:05:57
	STOPDATE => 2024-03-03
	STOPTIME => 22:05:57
	EXPRESSION => -
uvotsource: selected SENSCORR https://heasarc.gsfc.nasa.gov/FTP/caldb/data/swift/uvota/bcf/senscorr/swusenscorr20041120v007.fits[1]
uvotsource: /mnt/sdb1/Swift/OP313/reproc/00036384074/uvotproduct/source.reg: looks OK
uvotsource: /mnt/sdb1/Swift/OP313/reproc/00036384074/uvotproduct/background.reg: looks OK
uvotsource: verbose: not checking whether regions are in FOV
not checking whether regions are in FOV
uvotsource: verbose: no exposure map so only able to validate that regions are inside image
uvotsource: shell uvotinteg "infile=/mnt/sdb1/Swift/OP313/reproc/00036384074/uvot/image/sw00036384074uuu_sk.img.gz+1[pix 1]" "regfile=/mnt/sdb1/Swift/OP313/reproc/00036384074/uvotproduct/source.reg,/mnt/sdb1/Swift/OP313/reproc/00036384074/uvotproduct/background.reg" "operation=FOV" "subpixels=8" "nullarea=no" "nsigma=3" "control=BASIC" "chatter=2" "sysname=DEFAULT" "format=DEFAULT"
uvotsource: 
--- begin uvotinteg
monitor: fov: 1.000 [value]
monitor: nulls: 0
monitor: goods: 4986
monitor: fov: 1.000 [value]
monitor: nulls: 0
monitor: goods: 287955
--- end uvotinteg
uvotsource: verbose: /mnt/sdb1/Swift/OP313/reproc/00036384074/uvotproduct/source.reg containment is 1.000
uvotsource: verbose: /mnt/sdb1/Swift/OP313/reproc/00036384074/uvotproduct/background.reg containment is 1.000
uvotsource: shell uvotinteg "infile=/mnt/sdb1/Swift/OP313/reproc/00036384074/uvot/image/sw00036384074uuu_sk.img.gz+1" "regfile=tmpsrcreg.1103857.2.reg,tmpbkgreg.1103857.1.reg,std.1103857.3.reg" "operation=AREA,SUM" "subpixels=8" "control=BASIC" "chatter=2" "nullarea=no" "nsigma=3" "format=DEFAULT" "sysname=DEFAULT"
uvotsource: 
--- begin uvotinteg
monitor: area: 77.906 [pixel]
monitor: nulls: 0
monitor: goods: 4986
monitor: sum: 2179.909 [value]
monitor: area: 4499.297 [pixel]
monitor: nulls: 0
monitor: goods: 287955
monitor: sum: 2606.460 [value]
monitor: area: 77.906 [pixel]
monitor: nulls: 0
monitor: goods: 4986
monitor: sum: 2179.909 [value]
--- end uvotinteg
source2 updateFrametimeParameters NFRAMES (HDR) = 6777.44239567089
source2 updateFrametimeParameters NFRAMES (SRC) = 6777.44239567089
source2 updateFrametimeParameters NFRAMES (BKG) = 6777.44239567089

Source2 .. deriveRates  exposure src = 73.5908250206737
Source2 .. deriveRates  exposure bkg = 73.5908250206737
Source2 .. deriveRates  exposure hdr = 73.5908250206737
Source2 .. deriveRates  NFRAMES(SRC,BKG) = 6777.44239567089,6777.44239567089 !!! 
bkg: counts=2606.460 area=4499.297 [pix] exp=73.5908250206737 [s]
src: counts=2179.909 area=77.906 [pix] exp=73.5908250206737 [s]
b = (bkg_cnts=2606.460) / (bkg_exp_s=73.5908250206737 * N_b=4499.297) = 0.007872 [count/s/pix]
b_sig = (bkg_cnts_err = 50.880) / (bkg_exp_s=73.5908250206737 * N_b=4499.297) = 0.000154 [count/s/pix]
s = (src_cnts=2179.909) / (T_s=src_exp_s=73.5908250206737) = 29.622021 [count/s]
s_sig = (src_cnts_err=38.455) / T_s) = 0.522547 [count/s]
r = s {29.622021} - b {0.007872} * N_s = 29.008749 [count/s]
r_sig = sqrt(s_sig {0.522547}**2 + (b_sig {0.000154} * N_s)**2) = 0.522684 [count/s]
nsigma = 55.50
uvotsource: keyword CRVAL1 |197.542985059| => |197.542985059|
uvotsource: keyword CRVAL2 |32.3576742183| => |32.3576742183|
uvotsource: keyword CRPIX1 |705.5| => |705.5|
uvotsource: keyword CRPIX2 |451.5| => |451.5|
uvotsource: keyword CDELT1 |-0.00027888888381462| => |-0.00027888888381462|
uvotsource: keyword CDELT2 |0.00027888888381462| => |0.00027888888381462|
uvotsource: keyword CUNIT1 |deg| => |deg|
uvotsource: keyword CUNIT2 |deg| => |deg|
uvotsource: keyword CTYPE1 |RA---TAN| => |RA---TAN|
uvotsource: keyword CTYPE2 |DEC--TAN| => |DEC--TAN|
uvotsource: keyword CRVAL1D |0.| => |0.|
uvotsource: keyword CRVAL2D |0.| => |0.|
uvotsource: keyword CRPIX1D |605.951650497872| => |605.951650497872|
uvotsource: keyword CRPIX2D |621.53814583319| => |621.53814583319|
uvotsource: keyword CDELT1D |0.0181499958263033| => |0.0181499958263033|
uvotsource: keyword CDELT2D |0.0181499958263033| => |0.0181499958263033|
uvotsource: keyword CUNIT1D |mm| => |mm|
uvotsource: keyword CUNIT2D |mm| => |mm|
uvotsource: keyword CTYPE1D |DETX| => |DETX|
uvotsource: keyword CTYPE2D |DETY| => |DETY|
uvotsource: keyword PC1_1D |-0.959746513273477| => |-0.959746513273477|
uvotsource: keyword PC1_2D |0.280867685705122| => |0.280867685705122|
uvotsource: keyword PC2_1D |-0.280867237571299| => |-0.280867237571299|
uvotsource: keyword PC2_2D |-0.959746616688661| => |-0.959746616688661|
uvotsource: verbose: DET 1234.00,1584.36 => RAW 1168.61,1504.48
uvotsource: Source
            Position: RA = 13h 10m 28.66s, Dec = +32d 20m 44.0s (J2000)
            Position: RA = 197.61942, Dec = 32.34555 (J2000)
            Exposure: 73.59 s (source)
            Exposure: 73.59 s (background)
              Filter: U
        Significance: 55.5 sigma (stat)
    Background-limit: 1.0 sigma (stat)
uvotsource: UVOT u magnitude (Vega system)
              Source: 14.26 +/- 0.03 (stat) +/- 0.02 (sys)
          Background: 23.60 arcsec^-2
    Background-limit: 20.43
   Coincidence-limit: 11.91
uvotsource: UVOT u magnitude (AB system)
              Source: 15.28 +/- 0.03 (stat) +/- 0.02 (sys)
          Background: 24.62 arcsec^-2
    Background-limit: 21.45
   Coincidence-limit: 12.93
uvotsource: Flux density [erg/s/cm^2/A]
              Source: 6.95 +/- 0.21 (stat) +/- 0.11 (sys) x 10^-15
          Background: 1.28 +/- 0.02 (stat) +/- 0.02 (sys) x 10^-18 arcsec^-2
    Background-limit: 2.36 x 10^-17
   Coincidence-limit: 6.06 x 10^-14
uvotsource: Corrected rate [count/s]
              Source: 42.664 +/- 1.310 (stat)
          Background: 0.0078 arcsec^-2
    Background-limit: 0.145
   Coincidence-limit: 372.234
uvotsource: Raw rate [count/s]
              Source: 29.009 +/- 0.523 (stat)
          Background: 0.0078 arcsec^-2
    Background-limit: 0.099
   Coincidence-limit: 90.644
uvotsource: Flux density [mJy at 8.563 x 10^14 Hz]
              Source: 2.84 +/- 0.09 (stat) +/- 0.04 (sys) x 10^0
          Background: 5.22 +/- 0.10 (stat) +/- 0.08 (sys) x 10^-4 arcsec^-2
    Background-limit: 9.67 x 10^-3
   Coincidence-limit: 2.48 x 10^1
uvotsource: shell ftcreate "cdfile=his.1103857.4.cdf" "datafile=his.1103857.5.dat" "outfile=this.1103857.7.fits" "clobber=NO" "inull=0" "morehdr=0" "tabtyp=BINARY" "nskip=0" "chatter=1" "history=NO" "nrows=0"
uvotsource: --- begin/end ftcreate
uvotsource: shell fthedit "infile=this.1103857.7.fits+1" "keyword=@head.1103857.6.txt" "protect=YES" "longstring=NO" "history=NO" "chatter=1"
uvotsource: --- begin/end fthedit
uvotsource: shell fthedit "infile=this.1103857.7.fits+0" "keyword=@head.1103857.6.txt" "chatter=1" "history=NO" "longstring=NO" "protect=YES"
uvotsource: --- begin/end fthedit
uvotsource: complete [time=1720782942, delta=259, elapsed=259]
uvotsource: Got parameters:
	image = /mnt/sdb1/Swift/OP313/reproc/00036384074/uvot/image/sw00036384074uuu_sk.img.gz+1
	srcreg = /mnt/sdb1/Swift/OP313/reproc/00036384074/uvotproduct/source.reg
	bkgreg = /mnt/sdb1/Swift/OP313/reproc/00036384074/uvotproduct/background.reg
	sigma = 1
	apercorr = CURVEOFGROWTH
	output = ALL
	expfile = NONE
	cleanup = yes
	clobber = yes
	chatter = 5
uvotsource: Checking quality of input files
uvotsource: /mnt/sdb1/Swift/OP313/reproc/00036384074/uvot/image/sw00036384074uuu_sk.img.gz+1: OK
uvotsource: Reading image keywords
uvotsource: querying CALDB with
	CODENAME => COINCIDENCE
	MISSION => SWIFT
	INSTRUMENT => UVOTA
	DETECTOR => 1400
	FILTER => U
	STARTDATE => 2024-03-03
	STARTTIME => 22:05:57
	STOPDATE => 2024-03-03
	STOPTIME => 22:05:57
	EXPRESSION => -
uvotsource: selected COINCIDENCE https://heasarc.gsfc.nasa.gov/FTP/caldb/data/swift/uvota/bcf/coinc/swucountcor20010101v103.fits[1]
uvotsource: querying CALDB with
	CODENAME => COLORTABLE
	MISSION => SWIFT
	INSTRUMENT => UVOTA
	DETECTOR => 1400
	FILTER => U
	STARTDATE => 2024-03-03
	STARTTIME => 22:05:57
	STOPDATE => 2024-03-03
	STOPTIME => 22:05:57
	EXPRESSION => -
uvotsource: selected COLORTABLE https://heasarc.gsfc.nasa.gov/FTP/caldb/data/swift/uvota/bcf/phot/swuphot20041120v108.fits[1]
uvotsource: AB magnitude system
uvotsource: 	B       : ZPT=18.98 ZPE=0.02 FCF=1.480E-16 FCE=5.6E-19 WAV=4321
uvotsource: 	U       : ZPT=19.36 ZPE=0.02 FCF=1.663E-16 FCE=2.5E-18 WAV=3442
uvotsource: 	V       : ZPT=17.88 ZPE=0.01 FCF=2.611E-16 FCE=8.7E-19 WAV=5410
uvotsource: 	WHITE   : ZPT=21.09 ZPE=0.04 FCF=5.249E-17 FCE=7.0E-18 WAV=2753
uvotsource: 	UVW1    : ZPT=18.95 ZPE=0.03 FCF=4.623E-16 FCE=1.4E-17 WAV=2486
uvotsource: 	UVW2    : ZPT=19.11 ZPE=0.03 FCF=6.225E-16 FCE=1.3E-17 WAV=1991
uvotsource: 	UVM2    : ZPT=18.54 ZPE=0.03 FCF=8.489E-16 FCE=5.3E-18 WAV=2221
uvotsource: 	VGRISM  : ZPT=99.99 ZPE=0.0 FCF=0.0 FCE=0.0 WAV=0
uvotsource: 	UGRISM  : ZPT=99.99 ZPE=0.0 FCF=0.0 FCE=0.0 WAV=0
uvotsource: Vega magnitude system
uvotsource: 	B       : ZPT=19.11 ZPE=0.02 FCF=1.471E-16 FCE=5.6E-19 WAV=4329
uvotsource: 	U       : ZPT=18.34 ZPE=0.02 FCF=1.628E-16 FCE=2.5E-18 WAV=3501
uvotsource: 	V       : ZPT=17.89 ZPE=0.01 FCF=2.613E-16 FCE=8.7E-19 WAV=5402
uvotsource: 	WHITE   : ZPT=20.29 ZPE=0.04 FCF=3.677E-17 FCE=4.9E-18 WAV=3470
uvotsource: 	UVW1    : ZPT=17.44 ZPE=0.03 FCF=4.209E-16 FCE=1.3E-17 WAV=2591
uvotsource: 	UVW2    : ZPT=17.38 ZPE=0.03 FCF=5.976E-16 FCE=1.3E-17 WAV=2033
uvotsource: 	UVM2    : ZPT=16.85 ZPE=0.03 FCF=8.446E-16 FCE=5.3E-18 WAV=2229
uvotsource: 	VGRISM  : ZPT=99.99 ZPE=0.0 FCF=0.0 FCE=0.0 WAV=0
uvotsource: 	UGRISM  : ZPT=99.99 ZPE=0.0 FCF=0.0 FCE=0.0 WAV=0
uvotsource: querying CALDB with
	CODENAME => REEF
	MISSION => SWIFT
	INSTRUMENT => UVOTA
	DETECTOR => 1400
	FILTER => -
	STARTDATE => 2024-03-03
	STARTTIME => 22:05:57
	STOPDATE => 2024-03-03
	STOPTIME => 22:05:57
	EXPRESSION => -
uvotsource: selected REEF https://heasarc.gsfc.nasa.gov/FTP/caldb/data/swift/uvota/cpf/psf/swureef20041120v104.fits
uvotsource: querying CALDB with
	CODENAME => SKYFLAT
	MISSION => SWIFT
	INSTRUMENT => UVOTA
	DETECTOR => 1400
	FILTER => U
	STARTDATE => 2024-03-03
	STARTTIME => 22:05:57
	STOPDATE => 2024-03-03
	STOPTIME => 22:05:57
	EXPRESSION => -
uvotsource: selected SKYFLAT https://heasarc.gsfc.nasa.gov/FTP/caldb/data/swift/uvota/bcf/flats/swulssens20041120v003.fits[1]
uvotsource: querying CALDB with
	CODENAME => SENSCORR
	MISSION => SWIFT
	INSTRUMENT => UVOTA
	DETECTOR => 1400
	FILTER => -
	STARTDATE => 2024-03-03
	STARTTIME => 22:05:57
	STOPDATE => 2024-03-03
	STOPTIME => 22:05:57
	EXPRESSION => -
uvotsource: selected SENSCORR https://heasarc.gsfc.nasa.gov/FTP/caldb/data/swift/uvota/bcf/senscorr/swusenscorr20041120v007.fits[1]
uvotsource: /mnt/sdb1/Swift/OP313/reproc/00036384074/uvotproduct/source.reg: looks OK
uvotsource: /mnt/sdb1/Swift/OP313/reproc/00036384074/uvotproduct/background.reg: looks OK
uvotsource: verbose: not checking whether regions are in FOV
not checking whether regions are in FOV
uvotsource: verbose: no exposure map so only able to validate that regions are inside image
uvotsource: shell uvotinteg "infile=/mnt/sdb1/Swift/OP313/reproc/00036384074/uvot/image/sw00036384074uuu_sk.img.gz+1[pix 1]" "regfile=/mnt/sdb1/Swift/OP313/reproc/00036384074/uvotproduct/source.reg,/mnt/sdb1/Swift/OP313/reproc/00036384074/uvotproduct/background.reg" "operation=FOV" "subpixels=8" "nsigma=3" "sysname=DEFAULT" "nullarea=no" "chatter=2" "control=BASIC" "format=DEFAULT"
uvotsource: 
--- begin uvotinteg
monitor: fov: 1.000 [value]
monitor: nulls: 0
monitor: goods: 4986
monitor: fov: 1.000 [value]
monitor: nulls: 0
monitor: goods: 287955
--- end uvotinteg
uvotsource: verbose: /mnt/sdb1/Swift/OP313/reproc/00036384074/uvotproduct/source.reg containment is 1.000
uvotsource: verbose: /mnt/sdb1/Swift/OP313/reproc/00036384074/uvotproduct/background.reg containment is 1.000
uvotsource: shell uvotinteg "infile=/mnt/sdb1/Swift/OP313/reproc/00036384074/uvot/image/sw00036384074uuu_sk.img.gz+1" "regfile=tmpsrcreg.1157243.2.reg,tmpbkgreg.1157243.1.reg,std.1157243.3.reg" "operation=AREA,SUM" "subpixels=8" "control=BASIC" "format=DEFAULT" "nullarea=no" "nsigma=3" "sysname=DEFAULT" "chatter=2"
uvotsource: 
--- begin uvotinteg
monitor: area: 77.906 [pixel]
monitor: nulls: 0
monitor: goods: 4986
monitor: sum: 2179.909 [value]
monitor: area: 4499.297 [pixel]
monitor: nulls: 0
monitor: goods: 287955
monitor: sum: 2606.460 [value]
monitor: area: 77.906 [pixel]
monitor: nulls: 0
monitor: goods: 4986
monitor: sum: 2179.909 [value]
--- end uvotinteg
source2 updateFrametimeParameters NFRAMES (HDR) = 6777.44239567089
source2 updateFrametimeParameters NFRAMES (SRC) = 6777.44239567089
source2 updateFrametimeParameters NFRAMES (BKG) = 6777.44239567089

Source2 .. deriveRates  exposure src = 73.5908250206737
Source2 .. deriveRates  exposure bkg = 73.5908250206737
Source2 .. deriveRates  exposure hdr = 73.5908250206737
Source2 .. deriveRates  NFRAMES(SRC,BKG) = 6777.44239567089,6777.44239567089 !!! 
bkg: counts=2606.460 area=4499.297 [pix] exp=73.5908250206737 [s]
src: counts=2179.909 area=77.906 [pix] exp=73.5908250206737 [s]
b = (bkg_cnts=2606.460) / (bkg_exp_s=73.5908250206737 * N_b=4499.297) = 0.007872 [count/s/pix]
b_sig = (bkg_cnts_err = 50.880) / (bkg_exp_s=73.5908250206737 * N_b=4499.297) = 0.000154 [count/s/pix]
s = (src_cnts=2179.909) / (T_s=src_exp_s=73.5908250206737) = 29.622021 [count/s]
s_sig = (src_cnts_err=38.455) / T_s) = 0.522547 [count/s]
r = s {29.622021} - b {0.007872} * N_s = 29.008749 [count/s]
r_sig = sqrt(s_sig {0.522547}**2 + (b_sig {0.000154} * N_s)**2) = 0.522684 [count/s]
nsigma = 55.50
uvotsource: keyword CRVAL1 |197.542985059| => |197.542985059|
uvotsource: keyword CRVAL2 |32.3576742183| => |32.3576742183|
uvotsource: keyword CRPIX1 |705.5| => |705.5|
uvotsource: keyword CRPIX2 |451.5| => |451.5|
uvotsource: keyword CDELT1 |-0.00027888888381462| => |-0.00027888888381462|
uvotsource: keyword CDELT2 |0.00027888888381462| => |0.00027888888381462|
uvotsource: keyword CUNIT1 |deg| => |deg|
uvotsource: keyword CUNIT2 |deg| => |deg|
uvotsource: keyword CTYPE1 |RA---TAN| => |RA---TAN|
uvotsource: keyword CTYPE2 |DEC--TAN| => |DEC--TAN|
uvotsource: keyword CRVAL1D |0.| => |0.|
uvotsource: keyword CRVAL2D |0.| => |0.|
uvotsource: keyword CRPIX1D |605.951650497872| => |605.951650497872|
uvotsource: keyword CRPIX2D |621.53814583319| => |621.53814583319|
uvotsource: keyword CDELT1D |0.0181499958263033| => |0.0181499958263033|
uvotsource: keyword CDELT2D |0.0181499958263033| => |0.0181499958263033|
uvotsource: keyword CUNIT1D |mm| => |mm|
uvotsource: keyword CUNIT2D |mm| => |mm|
uvotsource: keyword CTYPE1D |DETX| => |DETX|
uvotsource: keyword CTYPE2D |DETY| => |DETY|
uvotsource: keyword PC1_1D |-0.959746513273477| => |-0.959746513273477|
uvotsource: keyword PC1_2D |0.280867685705122| => |0.280867685705122|
uvotsource: keyword PC2_1D |-0.280867237571299| => |-0.280867237571299|
uvotsource: keyword PC2_2D |-0.959746616688661| => |-0.959746616688661|
uvotsource: verbose: DET 1234.00,1584.36 => RAW 1168.61,1504.48
uvotsource: Source
            Position: RA = 13h 10m 28.66s, Dec = +32d 20m 44.0s (J2000)
            Position: RA = 197.61942, Dec = 32.34555 (J2000)
            Exposure: 73.59 s (source)
            Exposure: 73.59 s (background)
              Filter: U
        Significance: 55.5 sigma (stat)
    Background-limit: 1.0 sigma (stat)
uvotsource: UVOT u magnitude (Vega system)
              Source: 14.26 +/- 0.03 (stat) +/- 0.02 (sys)
          Background: 23.60 arcsec^-2
    Background-limit: 20.43
   Coincidence-limit: 11.91
uvotsource: UVOT u magnitude (AB system)
              Source: 15.28 +/- 0.03 (stat) +/- 0.02 (sys)
          Background: 24.62 arcsec^-2
    Background-limit: 21.45
   Coincidence-limit: 12.93
uvotsource: Flux density [erg/s/cm^2/A]
              Source: 6.95 +/- 0.21 (stat) +/- 0.11 (sys) x 10^-15
          Background: 1.28 +/- 0.02 (stat) +/- 0.02 (sys) x 10^-18 arcsec^-2
    Background-limit: 2.36 x 10^-17
   Coincidence-limit: 6.06 x 10^-14
uvotsource: Corrected rate [count/s]
              Source: 42.664 +/- 1.310 (stat)
          Background: 0.0078 arcsec^-2
    Background-limit: 0.145
   Coincidence-limit: 372.234
uvotsource: Raw rate [count/s]
              Source: 29.009 +/- 0.523 (stat)
          Background: 0.0078 arcsec^-2
    Background-limit: 0.099
   Coincidence-limit: 90.644
uvotsource: Flux density [mJy at 8.563 x 10^14 Hz]
              Source: 2.84 +/- 0.09 (stat) +/- 0.04 (sys) x 10^0
          Background: 5.22 +/- 0.10 (stat) +/- 0.08 (sys) x 10^-4 arcsec^-2
    Background-limit: 9.67 x 10^-3
   Coincidence-limit: 2.48 x 10^1
uvotsource: shell ftcreate "cdfile=his.1157243.4.cdf" "datafile=his.1157243.5.dat" "outfile=this.1157243.7.fits" "morehdr=0" "tabtyp=BINARY" "nrows=0" "chatter=1" "inull=0" "clobber=NO" "history=NO" "nskip=0"
uvotsource: --- begin/end ftcreate
uvotsource: shell fthedit "infile=this.1157243.7.fits+1" "keyword=@head.1157243.6.txt" "longstring=NO" "history=NO" "protect=YES" "chatter=1"
uvotsource: --- begin/end fthedit
uvotsource: shell fthedit "infile=this.1157243.7.fits+0" "keyword=@head.1157243.6.txt" "longstring=NO" "history=NO" "protect=YES" "chatter=1"
uvotsource: --- begin/end fthedit
uvotsource: complete [time=1720885042, delta=263, elapsed=263]
