uvotsource: Got parameters:
	image = /mnt/sdb1/Swift/OP313/reproc/00036384074/uvot/image/sw00036384074um2_sk.img.gz+1
	srcreg = /mnt/sdb1/Swift/OP313/reproc/00036384074/uvotproduct/source.reg
	bkgreg = /mnt/sdb1/Swift/OP313/reproc/00036384074/uvotproduct/background.reg
	sigma = 1
	apercorr = CURVEOFGROWTH
	output = ALL
	expfile = NONE
	cleanup = yes
	clobber = yes
	chatter = 5
uvotsource: Checking quality of input files
uvotsource: /mnt/sdb1/Swift/OP313/reproc/00036384074/uvot/image/sw00036384074um2_sk.img.gz+1: OK
uvotsource: Reading image keywords
uvotsource: querying CALDB with
	CODENAME => COINCIDENCE
	MISSION => SWIFT
	INSTRUMENT => UVOTA
	DETECTOR => 800
	FILTER => UVM2
	STARTDATE => 2024-03-03
	STARTTIME => 22:14:58
	STOPDATE => 2024-03-03
	STOPTIME => 22:14:58
	EXPRESSION => -
uvotsource: selected COINCIDENCE https://heasarc.gsfc.nasa.gov/FTP/caldb/data/swift/uvota/bcf/coinc/swucountcor20010101v103.fits[1]
uvotsource: querying CALDB with
	CODENAME => COLORTABLE
	MISSION => SWIFT
	INSTRUMENT => UVOTA
	DETECTOR => 800
	FILTER => UVM2
	STARTDATE => 2024-03-03
	STARTTIME => 22:14:58
	STOPDATE => 2024-03-03
	STOPTIME => 22:14:58
	EXPRESSION => -
uvotsource: selected COLORTABLE https://heasarc.gsfc.nasa.gov/FTP/caldb/data/swift/uvota/bcf/phot/swuphot20041120v108.fits[1]
uvotsource: AB magnitude system
uvotsource: 	B       : ZPT=18.98 ZPE=0.02 FCF=1.480E-16 FCE=5.6E-19 WAV=4321
uvotsource: 	U       : ZPT=19.36 ZPE=0.02 FCF=1.663E-16 FCE=2.5E-18 WAV=3442
uvotsource: 	V       : ZPT=17.88 ZPE=0.01 FCF=2.611E-16 FCE=8.7E-19 WAV=5410
uvotsource: 	WHITE   : ZPT=21.09 ZPE=0.04 FCF=5.249E-17 FCE=7.0E-18 WAV=2753
uvotsource: 	UVW1    : ZPT=18.95 ZPE=0.03 FCF=4.623E-16 FCE=1.4E-17 WAV=2486
uvotsource: 	UVW2    : ZPT=19.11 ZPE=0.03 FCF=6.225E-16 FCE=1.3E-17 WAV=1991
uvotsource: 	UVM2    : ZPT=18.54 ZPE=0.03 FCF=8.489E-16 FCE=5.3E-18 WAV=2221
uvotsource: 	VGRISM  : ZPT=99.99 ZPE=0.0 FCF=0.0 FCE=0.0 WAV=0
uvotsource: 	UGRISM  : ZPT=99.99 ZPE=0.0 FCF=0.0 FCE=0.0 WAV=0
uvotsource: Vega magnitude system
uvotsource: 	B       : ZPT=19.11 ZPE=0.02 FCF=1.471E-16 FCE=5.6E-19 WAV=4329
uvotsource: 	U       : ZPT=18.34 ZPE=0.02 FCF=1.628E-16 FCE=2.5E-18 WAV=3501
uvotsource: 	V       : ZPT=17.89 ZPE=0.01 FCF=2.613E-16 FCE=8.7E-19 WAV=5402
uvotsource: 	WHITE   : ZPT=20.29 ZPE=0.04 FCF=3.677E-17 FCE=4.9E-18 WAV=3470
uvotsource: 	UVW1    : ZPT=17.44 ZPE=0.03 FCF=4.209E-16 FCE=1.3E-17 WAV=2591
uvotsource: 	UVW2    : ZPT=17.38 ZPE=0.03 FCF=5.976E-16 FCE=1.3E-17 WAV=2033
uvotsource: 	UVM2    : ZPT=16.85 ZPE=0.03 FCF=8.446E-16 FCE=5.3E-18 WAV=2229
uvotsource: 	VGRISM  : ZPT=99.99 ZPE=0.0 FCF=0.0 FCE=0.0 WAV=0
uvotsource: 	UGRISM  : ZPT=99.99 ZPE=0.0 FCF=0.0 FCE=0.0 WAV=0
uvotsource: querying CALDB with
	CODENAME => REEF
	MISSION => SWIFT
	INSTRUMENT => UVOTA
	DETECTOR => 800
	FILTER => -
	STARTDATE => 2024-03-03
	STARTTIME => 22:14:58
	STOPDATE => 2024-03-03
	STOPTIME => 22:14:58
	EXPRESSION => -
uvotsource: selected REEF https://heasarc.gsfc.nasa.gov/FTP/caldb/data/swift/uvota/cpf/psf/swureef20041120v104.fits
uvotsource: querying CALDB with
	CODENAME => SKYFLAT
	MISSION => SWIFT
	INSTRUMENT => UVOTA
	DETECTOR => 800
	FILTER => UVM2
	STARTDATE => 2024-03-03
	STARTTIME => 22:14:58
	STOPDATE => 2024-03-03
	STOPTIME => 22:14:58
	EXPRESSION => -
uvotsource: selected SKYFLAT https://heasarc.gsfc.nasa.gov/FTP/caldb/data/swift/uvota/bcf/flats/swulssens20041120v003.fits[6]
uvotsource: querying CALDB with
	CODENAME => SENSCORR
	MISSION => SWIFT
	INSTRUMENT => UVOTA
	DETECTOR => 800
	FILTER => -
	STARTDATE => 2024-03-03
	STARTTIME => 22:14:58
	STOPDATE => 2024-03-03
	STOPTIME => 22:14:58
	EXPRESSION => -
uvotsource: selected SENSCORR https://heasarc.gsfc.nasa.gov/FTP/caldb/data/swift/uvota/bcf/senscorr/swusenscorr20041120v007.fits[1]
uvotsource: /mnt/sdb1/Swift/OP313/reproc/00036384074/uvotproduct/source.reg: looks OK
uvotsource: /mnt/sdb1/Swift/OP313/reproc/00036384074/uvotproduct/background.reg: looks OK
uvotsource: verbose: not checking whether regions are in FOV
not checking whether regions are in FOV
uvotsource: verbose: no exposure map so only able to validate that regions are inside image
uvotsource: shell uvotinteg "infile=/mnt/sdb1/Swift/OP313/reproc/00036384074/uvot/image/sw00036384074um2_sk.img.gz+1[pix 1]" "regfile=/mnt/sdb1/Swift/OP313/reproc/00036384074/uvotproduct/source.reg,/mnt/sdb1/Swift/OP313/reproc/00036384074/uvotproduct/background.reg" "operation=FOV" "subpixels=8" "format=DEFAULT" "chatter=2" "nullarea=no" "sysname=DEFAULT" "nsigma=3" "control=BASIC"
uvotsource: 
--- begin uvotinteg
monitor: fov: 1.000 [value]
monitor: nulls: 0
monitor: goods: 443338
monitor: fov: 1.000 [value]
monitor: nulls: 0
monitor: goods: 30637664
--- end uvotinteg
uvotsource: verbose: /mnt/sdb1/Swift/OP313/reproc/00036384074/uvotproduct/source.reg containment is 1.000
uvotsource: verbose: /mnt/sdb1/Swift/OP313/reproc/00036384074/uvotproduct/background.reg containment is 1.000
uvotsource: shell uvotinteg "infile=/mnt/sdb1/Swift/OP313/reproc/00036384074/uvot/image/sw00036384074um2_sk.img.gz+1" "regfile=tmpsrcreg.1095471.2.reg,tmpbkgreg.1095471.1.reg,std.1095471.3.reg" "operation=AREA,SUM" "subpixels=8" "sysname=DEFAULT" "nullarea=no" "chatter=2" "format=DEFAULT" "control=BASIC" "nsigma=3"
uvotsource: 
--- begin uvotinteg
monitor: area: 6927.156 [pixel]
monitor: nulls: 0
monitor: goods: 443338
monitor: sum: 2075.102 [value]
monitor: area: 478713.500 [pixel]
monitor: nulls: 0
monitor: goods: 30637664
monitor: sum: 29158.556 [value]
monitor: area: 77.969 [pixel]
monitor: nulls: 0
monitor: goods: 4990
monitor: sum: 152.062 [value]
--- end uvotinteg
source2 updateFrametimeParameters NFRAMES (HDR) = 16106.0495677068
source2 updateFrametimeParameters NFRAMES (SRC) = 16106.0495677068
source2 updateFrametimeParameters NFRAMES (BKG) = 16106.0495677068

Source2 .. deriveRates  exposure src = 174.882707416074
Source2 .. deriveRates  exposure bkg = 174.882707416074
Source2 .. deriveRates  exposure hdr = 174.882707416074
Source2 .. deriveRates  NFRAMES(SRC,BKG) = 16106.0495677068,16106.0495677068 !!! 
bkg: counts=29158.556 area=478713.5 [pix] exp=174.882707416074 [s]
src: counts=2075.102 area=6927.156 [pix] exp=174.882707416074 [s]
b = (bkg_cnts=29158.556) / (bkg_exp_s=174.882707416074 * N_b=478713.5) = 0.000348 [count/s/pix]
b_sig = (bkg_cnts_err = 170.733) / (bkg_exp_s=174.882707416074 * N_b=478713.5) = 0.000002 [count/s/pix]
s = (src_cnts=2075.102) / (T_s=src_exp_s=174.882707416074) = 11.865679 [count/s]
s_sig = (src_cnts_err=42.518) / T_s) = 0.243121 [count/s]
r = s {11.865679} - b {0.000348} * N_s = 9.453006 [count/s]
r_sig = sqrt(s_sig {0.243121}**2 + (b_sig {0.000002} * N_s)**2) = 0.243531 [count/s]
nsigma = 38.82
uvotsource: keyword CRVAL1 |197.543076085| => |197.543076085|
uvotsource: keyword CRVAL2 |32.3574901899| => |32.3574901899|
uvotsource: keyword CRPIX1 |711.| => |711.|
uvotsource: keyword CRPIX2 |450.5| => |450.5|
uvotsource: keyword CDELT1 |-0.00027888888381462| => |-0.00027888888381462|
uvotsource: keyword CDELT2 |0.00027888888381462| => |0.00027888888381462|
uvotsource: keyword CUNIT1 |deg| => |deg|
uvotsource: keyword CUNIT2 |deg| => |deg|
uvotsource: keyword CTYPE1 |RA---TAN| => |RA---TAN|
uvotsource: keyword CTYPE2 |DEC--TAN| => |DEC--TAN|
uvotsource: keyword CRVAL1D |0.| => |0.|
uvotsource: keyword CRVAL2D |0.| => |0.|
uvotsource: keyword CRPIX1D |605.961687082708| => |605.961687082708|
uvotsource: keyword CRPIX2D |621.10631033195| => |621.10631033195|
uvotsource: keyword CDELT1D |0.0181499956847483| => |0.0181499956847483|
uvotsource: keyword CDELT2D |0.0181499956847483| => |0.0181499956847483|
uvotsource: keyword CUNIT1D |mm| => |mm|
uvotsource: keyword CUNIT2D |mm| => |mm|
uvotsource: keyword CTYPE1D |DETX| => |DETX|
uvotsource: keyword CTYPE2D |DETY| => |DETY|
uvotsource: keyword PC1_1D |-0.959720207981255| => |-0.959720207981255|
uvotsource: keyword PC1_2D |0.280957596545329| => |0.280957596545329|
uvotsource: keyword PC2_1D |-0.280957128912492| => |-0.280957128912492|
uvotsource: keyword PC2_2D |-0.959720294173966| => |-0.959720294173966|
uvotsource: verbose: DET 1210.00,1577.90 => RAW 1143.98,1497.77
uvotsource: Source
            Position: RA = 13h 10m 28.14s, Dec = +32d 20m 43.6s (J2000)
            Position: RA = 197.61723, Dec = 32.34545 (J2000)
            Exposure: 174.88 s (source)
            Exposure: 174.88 s (background)
              Filter: UVM2
        Significance: 38.8 sigma (stat)
    Background-limit: 1.0 sigma (stat)
uvotsource: UVOT uvm2 magnitude (Vega system)
              Source: 14.31 +/- 1.09 (stat) +/- 0.03 (sys)
          Background: 25.50 arcsec^-2
    Background-limit: 19.04
   Coincidence-limit: 10.42
uvotsource: UVOT uvm2 magnitude (AB system)
              Source: 16.00 +/- 1.09 (stat) +/- 0.03 (sys)
          Background: 27.19 arcsec^-2
    Background-limit: 20.73
   Coincidence-limit: 12.11
uvotsource: Flux density [erg/s/cm^2/A]
              Source: 8.76 +/- 8.76 (stat) +/- 0.05 (sys) x 10^-15
          Background: 2.92 +/- 0.02 (stat) +/- 0.02 (sys) x 10^-19 arcsec^-2
    Background-limit: 1.12 x 10^-16
   Coincidence-limit: 3.14 x 10^-13
uvotsource: Corrected rate [count/s]
              Source: 10.371 +/- 10.375 (stat)
          Background: 0.00035 arcsec^-2
    Background-limit: 0.133
   Coincidence-limit: 372.234
uvotsource: Raw rate [count/s]
              Source: 9.453 +/- 0.244 (stat)
          Background: 0.00035 arcsec^-2
    Background-limit: 0.121
   Coincidence-limit: 90.644
uvotsource: Flux density [mJy at 1.345 x 10^15 Hz]
              Source: 1.45 +/- 1.45 (stat) +/- 0.01 (sys) x 10^0
          Background: 4.84 +/- 0.03 (stat) +/- 0.03 (sys) x 10^-5 arcsec^-2
    Background-limit: 1.86 x 10^-2
   Coincidence-limit: 5.21 x 10^1
uvotsource: shell ftcreate "cdfile=his.1095471.4.cdf" "datafile=his.1095471.5.dat" "outfile=this.1095471.7.fits" "inull=0" "tabtyp=BINARY" "nrows=0" "chatter=1" "morehdr=0" "clobber=NO" "nskip=0" "history=NO"
uvotsource: --- begin/end ftcreate
uvotsource: shell fthedit "infile=this.1095471.7.fits+1" "keyword=@head.1095471.6.txt" "history=NO" "longstring=NO" "protect=YES" "chatter=1"
uvotsource: --- begin/end fthedit
uvotsource: shell fthedit "infile=this.1095471.7.fits+0" "keyword=@head.1095471.6.txt" "history=NO" "longstring=NO" "protect=YES" "chatter=1"
uvotsource: --- begin/end fthedit
uvotsource: complete [time=1720769111, delta=260, elapsed=260]
uvotsource: Got parameters:
	image = /mnt/sdb1/Swift/OP313/reproc/00036384074/uvot/image/sw00036384074um2_sk.img.gz+1
	srcreg = /mnt/sdb1/Swift/OP313/reproc/00036384074/uvotproduct/source.reg
	bkgreg = /mnt/sdb1/Swift/OP313/reproc/00036384074/uvotproduct/background.reg
	sigma = 1
	apercorr = CURVEOFGROWTH
	output = ALL
	expfile = NONE
	cleanup = yes
	clobber = yes
	chatter = 5
uvotsource: Checking quality of input files
uvotsource: /mnt/sdb1/Swift/OP313/reproc/00036384074/uvot/image/sw00036384074um2_sk.img.gz+1: OK
uvotsource: Reading image keywords
uvotsource: querying CALDB with
	CODENAME => COINCIDENCE
	MISSION => SWIFT
	INSTRUMENT => UVOTA
	DETECTOR => 800
	FILTER => UVM2
	STARTDATE => 2024-03-03
	STARTTIME => 22:14:58
	STOPDATE => 2024-03-03
	STOPTIME => 22:14:58
	EXPRESSION => -
uvotsource: selected COINCIDENCE https://heasarc.gsfc.nasa.gov/FTP/caldb/data/swift/uvota/bcf/coinc/swucountcor20010101v103.fits[1]
uvotsource: querying CALDB with
	CODENAME => COLORTABLE
	MISSION => SWIFT
	INSTRUMENT => UVOTA
	DETECTOR => 800
	FILTER => UVM2
	STARTDATE => 2024-03-03
	STARTTIME => 22:14:58
	STOPDATE => 2024-03-03
	STOPTIME => 22:14:58
	EXPRESSION => -
uvotsource: selected COLORTABLE https://heasarc.gsfc.nasa.gov/FTP/caldb/data/swift/uvota/bcf/phot/swuphot20041120v108.fits[1]
uvotsource: AB magnitude system
uvotsource: 	B       : ZPT=18.98 ZPE=0.02 FCF=1.480E-16 FCE=5.6E-19 WAV=4321
uvotsource: 	U       : ZPT=19.36 ZPE=0.02 FCF=1.663E-16 FCE=2.5E-18 WAV=3442
uvotsource: 	V       : ZPT=17.88 ZPE=0.01 FCF=2.611E-16 FCE=8.7E-19 WAV=5410
uvotsource: 	WHITE   : ZPT=21.09 ZPE=0.04 FCF=5.249E-17 FCE=7.0E-18 WAV=2753
uvotsource: 	UVW1    : ZPT=18.95 ZPE=0.03 FCF=4.623E-16 FCE=1.4E-17 WAV=2486
uvotsource: 	UVW2    : ZPT=19.11 ZPE=0.03 FCF=6.225E-16 FCE=1.3E-17 WAV=1991
uvotsource: 	UVM2    : ZPT=18.54 ZPE=0.03 FCF=8.489E-16 FCE=5.3E-18 WAV=2221
uvotsource: 	VGRISM  : ZPT=99.99 ZPE=0.0 FCF=0.0 FCE=0.0 WAV=0
uvotsource: 	UGRISM  : ZPT=99.99 ZPE=0.0 FCF=0.0 FCE=0.0 WAV=0
uvotsource: Vega magnitude system
uvotsource: 	B       : ZPT=19.11 ZPE=0.02 FCF=1.471E-16 FCE=5.6E-19 WAV=4329
uvotsource: 	U       : ZPT=18.34 ZPE=0.02 FCF=1.628E-16 FCE=2.5E-18 WAV=3501
uvotsource: 	V       : ZPT=17.89 ZPE=0.01 FCF=2.613E-16 FCE=8.7E-19 WAV=5402
uvotsource: 	WHITE   : ZPT=20.29 ZPE=0.04 FCF=3.677E-17 FCE=4.9E-18 WAV=3470
uvotsource: 	UVW1    : ZPT=17.44 ZPE=0.03 FCF=4.209E-16 FCE=1.3E-17 WAV=2591
uvotsource: 	UVW2    : ZPT=17.38 ZPE=0.03 FCF=5.976E-16 FCE=1.3E-17 WAV=2033
uvotsource: 	UVM2    : ZPT=16.85 ZPE=0.03 FCF=8.446E-16 FCE=5.3E-18 WAV=2229
uvotsource: 	VGRISM  : ZPT=99.99 ZPE=0.0 FCF=0.0 FCE=0.0 WAV=0
uvotsource: 	UGRISM  : ZPT=99.99 ZPE=0.0 FCF=0.0 FCE=0.0 WAV=0
uvotsource: querying CALDB with
	CODENAME => REEF
	MISSION => SWIFT
	INSTRUMENT => UVOTA
	DETECTOR => 800
	FILTER => -
	STARTDATE => 2024-03-03
	STARTTIME => 22:14:58
	STOPDATE => 2024-03-03
	STOPTIME => 22:14:58
	EXPRESSION => -
uvotsource: selected REEF https://heasarc.gsfc.nasa.gov/FTP/caldb/data/swift/uvota/cpf/psf/swureef20041120v104.fits
uvotsource: querying CALDB with
	CODENAME => SKYFLAT
	MISSION => SWIFT
	INSTRUMENT => UVOTA
	DETECTOR => 800
	FILTER => UVM2
	STARTDATE => 2024-03-03
	STARTTIME => 22:14:58
	STOPDATE => 2024-03-03
	STOPTIME => 22:14:58
	EXPRESSION => -
uvotsource: selected SKYFLAT https://heasarc.gsfc.nasa.gov/FTP/caldb/data/swift/uvota/bcf/flats/swulssens20041120v003.fits[6]
uvotsource: querying CALDB with
	CODENAME => SENSCORR
	MISSION => SWIFT
	INSTRUMENT => UVOTA
	DETECTOR => 800
	FILTER => -
	STARTDATE => 2024-03-03
	STARTTIME => 22:14:58
	STOPDATE => 2024-03-03
	STOPTIME => 22:14:58
	EXPRESSION => -
uvotsource: selected SENSCORR https://heasarc.gsfc.nasa.gov/FTP/caldb/data/swift/uvota/bcf/senscorr/swusenscorr20041120v007.fits[1]
uvotsource: /mnt/sdb1/Swift/OP313/reproc/00036384074/uvotproduct/source.reg: looks OK
uvotsource: /mnt/sdb1/Swift/OP313/reproc/00036384074/uvotproduct/background.reg: looks OK
uvotsource: verbose: not checking whether regions are in FOV
not checking whether regions are in FOV
uvotsource: verbose: no exposure map so only able to validate that regions are inside image
uvotsource: shell uvotinteg "infile=/mnt/sdb1/Swift/OP313/reproc/00036384074/uvot/image/sw00036384074um2_sk.img.gz+1[pix 1]" "regfile=/mnt/sdb1/Swift/OP313/reproc/00036384074/uvotproduct/source.reg,/mnt/sdb1/Swift/OP313/reproc/00036384074/uvotproduct/background.reg" "operation=FOV" "subpixels=8" "format=DEFAULT" "nullarea=no" "chatter=2" "sysname=DEFAULT" "nsigma=3" "control=BASIC"
uvotsource: 
--- begin uvotinteg
monitor: fov: 1.000 [value]
monitor: nulls: 0
monitor: goods: 4990
monitor: fov: 1.000 [value]
monitor: nulls: 0
monitor: goods: 287973
--- end uvotinteg
uvotsource: verbose: /mnt/sdb1/Swift/OP313/reproc/00036384074/uvotproduct/source.reg containment is 1.000
uvotsource: verbose: /mnt/sdb1/Swift/OP313/reproc/00036384074/uvotproduct/background.reg containment is 1.000
uvotsource: shell uvotinteg "infile=/mnt/sdb1/Swift/OP313/reproc/00036384074/uvot/image/sw00036384074um2_sk.img.gz+1" "regfile=tmpsrcreg.1103686.2.reg,tmpbkgreg.1103686.1.reg,std.1103686.3.reg" "operation=AREA,SUM" "subpixels=8" "format=DEFAULT" "nullarea=no" "chatter=2" "sysname=DEFAULT" "nsigma=3" "control=BASIC"
uvotsource: 
--- begin uvotinteg
monitor: area: 77.969 [pixel]
monitor: nulls: 0
monitor: goods: 4990
monitor: sum: 1229.068 [value]
monitor: area: 4499.578 [pixel]
monitor: nulls: 0
monitor: goods: 287973
monitor: sum: 400.061 [value]
monitor: area: 77.969 [pixel]
monitor: nulls: 0
monitor: goods: 4990
monitor: sum: 1229.068 [value]
--- end uvotinteg
source2 updateFrametimeParameters NFRAMES (HDR) = 16106.0495677068
source2 updateFrametimeParameters NFRAMES (SRC) = 16106.0495677068
source2 updateFrametimeParameters NFRAMES (BKG) = 16106.0495677068

Source2 .. deriveRates  exposure src = 174.882707416074
Source2 .. deriveRates  exposure bkg = 174.882707416074
Source2 .. deriveRates  exposure hdr = 174.882707416074
Source2 .. deriveRates  NFRAMES(SRC,BKG) = 16106.0495677068,16106.0495677068 !!! 
bkg: counts=400.061 area=4499.578 [pix] exp=174.882707416074 [s]
src: counts=1229.068 area=77.969 [pix] exp=174.882707416074 [s]
b = (bkg_cnts=400.061) / (bkg_exp_s=174.882707416074 * N_b=4499.578) = 0.000508 [count/s/pix]
b_sig = (bkg_cnts_err = 19.997) / (bkg_exp_s=174.882707416074 * N_b=4499.578) = 0.000025 [count/s/pix]
s = (src_cnts=1229.068) / (T_s=src_exp_s=174.882707416074) = 7.027956 [count/s]
s_sig = (src_cnts_err=33.694) / T_s) = 0.192666 [count/s]
r = s {7.027956} - b {0.000508} * N_s = 6.988317 [count/s]
r_sig = sqrt(s_sig {0.192666}**2 + (b_sig {0.000025} * N_s)**2) = 0.192676 [count/s]
nsigma = 36.27
uvotsource: keyword CRVAL1 |197.543076085| => |197.543076085|
uvotsource: keyword CRVAL2 |32.3574901899| => |32.3574901899|
uvotsource: keyword CRPIX1 |711.| => |711.|
uvotsource: keyword CRPIX2 |450.5| => |450.5|
uvotsource: keyword CDELT1 |-0.00027888888381462| => |-0.00027888888381462|
uvotsource: keyword CDELT2 |0.00027888888381462| => |0.00027888888381462|
uvotsource: keyword CUNIT1 |deg| => |deg|
uvotsource: keyword CUNIT2 |deg| => |deg|
uvotsource: keyword CTYPE1 |RA---TAN| => |RA---TAN|
uvotsource: keyword CTYPE2 |DEC--TAN| => |DEC--TAN|
uvotsource: keyword CRVAL1D |0.| => |0.|
uvotsource: keyword CRVAL2D |0.| => |0.|
uvotsource: keyword CRPIX1D |605.961687082708| => |605.961687082708|
uvotsource: keyword CRPIX2D |621.10631033195| => |621.10631033195|
uvotsource: keyword CDELT1D |0.0181499956847483| => |0.0181499956847483|
uvotsource: keyword CDELT2D |0.0181499956847483| => |0.0181499956847483|
uvotsource: keyword CUNIT1D |mm| => |mm|
uvotsource: keyword CUNIT2D |mm| => |mm|
uvotsource: keyword CTYPE1D |DETX| => |DETX|
uvotsource: keyword CTYPE2D |DETY| => |DETY|
uvotsource: keyword PC1_1D |-0.959720207981255| => |-0.959720207981255|
uvotsource: keyword PC1_2D |0.280957596545329| => |0.280957596545329|
uvotsource: keyword PC2_1D |-0.280957128912492| => |-0.280957128912492|
uvotsource: keyword PC2_2D |-0.959720294173966| => |-0.959720294173966|
uvotsource: verbose: DET 1222.93,1580.96 => RAW 1157.25,1500.96
uvotsource: Source
            Position: RA = 13h 10m 28.66s, Dec = +32d 20m 44.0s (J2000)
            Position: RA = 197.61942, Dec = 32.34555 (J2000)
            Exposure: 174.88 s (source)
            Exposure: 174.88 s (background)
              Filter: UVM2
        Significance: 36.3 sigma (stat)
    Background-limit: 1.0 sigma (stat)
uvotsource: UVOT uvm2 magnitude (Vega system)
              Source: 14.42 +/- 0.04 (stat) +/- 0.03 (sys)
          Background: 25.09 arcsec^-2
    Background-limit: 20.87
   Coincidence-limit: 10.42
uvotsource: UVOT uvm2 magnitude (AB system)
              Source: 16.11 +/- 0.04 (stat) +/- 0.03 (sys)
          Background: 26.78 arcsec^-2
    Background-limit: 22.56
   Coincidence-limit: 12.11
uvotsource: Flux density [erg/s/cm^2/A]
              Source: 7.91 +/- 0.28 (stat) +/- 0.05 (sys) x 10^-15
          Background: 4.26 +/- 0.21 (stat) +/- 0.03 (sys) x 10^-19 arcsec^-2
    Background-limit: 2.07 x 10^-17
   Coincidence-limit: 3.14 x 10^-13
uvotsource: Corrected rate [count/s]
              Source: 9.371 +/- 0.333 (stat)
          Background: 0.00050 arcsec^-2
    Background-limit: 0.025
   Coincidence-limit: 372.234
uvotsource: Raw rate [count/s]
              Source: 6.988 +/- 0.193 (stat)
          Background: 0.00050 arcsec^-2
    Background-limit: 0.018
   Coincidence-limit: 90.644
uvotsource: Flux density [mJy at 1.345 x 10^15 Hz]
              Source: 1.31 +/- 0.05 (stat) +/- 0.01 (sys) x 10^0
          Background: 7.06 +/- 0.35 (stat) +/- 0.04 (sys) x 10^-5 arcsec^-2
    Background-limit: 3.44 x 10^-3
   Coincidence-limit: 5.21 x 10^1
uvotsource: shell ftcreate "cdfile=his.1103686.4.cdf" "datafile=his.1103686.5.dat" "outfile=this.1103686.7.fits" "tabtyp=BINARY" "nrows=0" "morehdr=0" "nskip=0" "history=NO" "clobber=NO" "inull=0" "chatter=1"
uvotsource: --- begin/end ftcreate
uvotsource: shell fthedit "infile=this.1103686.7.fits+1" "keyword=@head.1103686.6.txt" "longstring=NO" "history=NO" "protect=YES" "chatter=1"
uvotsource: --- begin/end fthedit
uvotsource: shell fthedit "infile=this.1103686.7.fits+0" "keyword=@head.1103686.6.txt" "longstring=NO" "chatter=1" "protect=YES" "history=NO"
uvotsource: --- begin/end fthedit
uvotsource: complete [time=1720782661, delta=260, elapsed=260]
uvotsource: Got parameters:
	image = /mnt/sdb1/Swift/OP313/reproc/00036384074/uvot/image/sw00036384074um2_sk.img.gz+1
	srcreg = /mnt/sdb1/Swift/OP313/reproc/00036384074/uvotproduct/source.reg
	bkgreg = /mnt/sdb1/Swift/OP313/reproc/00036384074/uvotproduct/background.reg
	sigma = 1
	apercorr = CURVEOFGROWTH
	output = ALL
	expfile = NONE
	cleanup = yes
	clobber = yes
	chatter = 5
uvotsource: Checking quality of input files
uvotsource: /mnt/sdb1/Swift/OP313/reproc/00036384074/uvot/image/sw00036384074um2_sk.img.gz+1: OK
uvotsource: Reading image keywords
uvotsource: querying CALDB with
	CODENAME => COINCIDENCE
	MISSION => SWIFT
	INSTRUMENT => UVOTA
	DETECTOR => 800
	FILTER => UVM2
	STARTDATE => 2024-03-03
	STARTTIME => 22:14:58
	STOPDATE => 2024-03-03
	STOPTIME => 22:14:58
	EXPRESSION => -
uvotsource: selected COINCIDENCE https://heasarc.gsfc.nasa.gov/FTP/caldb/data/swift/uvota/bcf/coinc/swucountcor20010101v103.fits[1]
uvotsource: querying CALDB with
	CODENAME => COLORTABLE
	MISSION => SWIFT
	INSTRUMENT => UVOTA
	DETECTOR => 800
	FILTER => UVM2
	STARTDATE => 2024-03-03
	STARTTIME => 22:14:58
	STOPDATE => 2024-03-03
	STOPTIME => 22:14:58
	EXPRESSION => -
uvotsource: selected COLORTABLE https://heasarc.gsfc.nasa.gov/FTP/caldb/data/swift/uvota/bcf/phot/swuphot20041120v108.fits[1]
uvotsource: AB magnitude system
uvotsource: 	B       : ZPT=18.98 ZPE=0.02 FCF=1.480E-16 FCE=5.6E-19 WAV=4321
uvotsource: 	U       : ZPT=19.36 ZPE=0.02 FCF=1.663E-16 FCE=2.5E-18 WAV=3442
uvotsource: 	V       : ZPT=17.88 ZPE=0.01 FCF=2.611E-16 FCE=8.7E-19 WAV=5410
uvotsource: 	WHITE   : ZPT=21.09 ZPE=0.04 FCF=5.249E-17 FCE=7.0E-18 WAV=2753
uvotsource: 	UVW1    : ZPT=18.95 ZPE=0.03 FCF=4.623E-16 FCE=1.4E-17 WAV=2486
uvotsource: 	UVW2    : ZPT=19.11 ZPE=0.03 FCF=6.225E-16 FCE=1.3E-17 WAV=1991
uvotsource: 	UVM2    : ZPT=18.54 ZPE=0.03 FCF=8.489E-16 FCE=5.3E-18 WAV=2221
uvotsource: 	VGRISM  : ZPT=99.99 ZPE=0.0 FCF=0.0 FCE=0.0 WAV=0
uvotsource: 	UGRISM  : ZPT=99.99 ZPE=0.0 FCF=0.0 FCE=0.0 WAV=0
uvotsource: Vega magnitude system
uvotsource: 	B       : ZPT=19.11 ZPE=0.02 FCF=1.471E-16 FCE=5.6E-19 WAV=4329
uvotsource: 	U       : ZPT=18.34 ZPE=0.02 FCF=1.628E-16 FCE=2.5E-18 WAV=3501
uvotsource: 	V       : ZPT=17.89 ZPE=0.01 FCF=2.613E-16 FCE=8.7E-19 WAV=5402
uvotsource: 	WHITE   : ZPT=20.29 ZPE=0.04 FCF=3.677E-17 FCE=4.9E-18 WAV=3470
uvotsource: 	UVW1    : ZPT=17.44 ZPE=0.03 FCF=4.209E-16 FCE=1.3E-17 WAV=2591
uvotsource: 	UVW2    : ZPT=17.38 ZPE=0.03 FCF=5.976E-16 FCE=1.3E-17 WAV=2033
uvotsource: 	UVM2    : ZPT=16.85 ZPE=0.03 FCF=8.446E-16 FCE=5.3E-18 WAV=2229
uvotsource: 	VGRISM  : ZPT=99.99 ZPE=0.0 FCF=0.0 FCE=0.0 WAV=0
uvotsource: 	UGRISM  : ZPT=99.99 ZPE=0.0 FCF=0.0 FCE=0.0 WAV=0
uvotsource: querying CALDB with
	CODENAME => REEF
	MISSION => SWIFT
	INSTRUMENT => UVOTA
	DETECTOR => 800
	FILTER => -
	STARTDATE => 2024-03-03
	STARTTIME => 22:14:58
	STOPDATE => 2024-03-03
	STOPTIME => 22:14:58
	EXPRESSION => -
uvotsource: selected REEF https://heasarc.gsfc.nasa.gov/FTP/caldb/data/swift/uvota/cpf/psf/swureef20041120v104.fits
uvotsource: querying CALDB with
	CODENAME => SKYFLAT
	MISSION => SWIFT
	INSTRUMENT => UVOTA
	DETECTOR => 800
	FILTER => UVM2
	STARTDATE => 2024-03-03
	STARTTIME => 22:14:58
	STOPDATE => 2024-03-03
	STOPTIME => 22:14:58
	EXPRESSION => -
uvotsource: selected SKYFLAT https://heasarc.gsfc.nasa.gov/FTP/caldb/data/swift/uvota/bcf/flats/swulssens20041120v003.fits[6]
uvotsource: querying CALDB with
	CODENAME => SENSCORR
	MISSION => SWIFT
	INSTRUMENT => UVOTA
	DETECTOR => 800
	FILTER => -
	STARTDATE => 2024-03-03
	STARTTIME => 22:14:58
	STOPDATE => 2024-03-03
	STOPTIME => 22:14:58
	EXPRESSION => -
uvotsource: selected SENSCORR https://heasarc.gsfc.nasa.gov/FTP/caldb/data/swift/uvota/bcf/senscorr/swusenscorr20041120v007.fits[1]
uvotsource: /mnt/sdb1/Swift/OP313/reproc/00036384074/uvotproduct/source.reg: looks OK
uvotsource: /mnt/sdb1/Swift/OP313/reproc/00036384074/uvotproduct/background.reg: looks OK
uvotsource: verbose: not checking whether regions are in FOV
not checking whether regions are in FOV
uvotsource: verbose: no exposure map so only able to validate that regions are inside image
uvotsource: shell uvotinteg "infile=/mnt/sdb1/Swift/OP313/reproc/00036384074/uvot/image/sw00036384074um2_sk.img.gz+1[pix 1]" "regfile=/mnt/sdb1/Swift/OP313/reproc/00036384074/uvotproduct/source.reg,/mnt/sdb1/Swift/OP313/reproc/00036384074/uvotproduct/background.reg" "operation=FOV" "subpixels=8" "chatter=2" "sysname=DEFAULT" "nsigma=3" "nullarea=no" "control=BASIC" "format=DEFAULT"
uvotsource: 
--- begin uvotinteg
monitor: fov: 1.000 [value]
monitor: nulls: 0
monitor: goods: 4990
monitor: fov: 1.000 [value]
monitor: nulls: 0
monitor: goods: 287973
--- end uvotinteg
uvotsource: verbose: /mnt/sdb1/Swift/OP313/reproc/00036384074/uvotproduct/source.reg containment is 1.000
uvotsource: verbose: /mnt/sdb1/Swift/OP313/reproc/00036384074/uvotproduct/background.reg containment is 1.000
uvotsource: shell uvotinteg "infile=/mnt/sdb1/Swift/OP313/reproc/00036384074/uvot/image/sw00036384074um2_sk.img.gz+1" "regfile=tmpsrcreg.1157105.2.reg,tmpbkgreg.1157105.1.reg,std.1157105.3.reg" "operation=AREA,SUM" "subpixels=8" "sysname=DEFAULT" "nsigma=3" "nullarea=no" "control=BASIC" "chatter=2" "format=DEFAULT"
uvotsource: 
--- begin uvotinteg
monitor: area: 77.969 [pixel]
monitor: nulls: 0
monitor: goods: 4990
monitor: sum: 1229.068 [value]
monitor: area: 4499.578 [pixel]
monitor: nulls: 0
monitor: goods: 287973
monitor: sum: 400.061 [value]
monitor: area: 77.969 [pixel]
monitor: nulls: 0
monitor: goods: 4990
monitor: sum: 1229.068 [value]
--- end uvotinteg
source2 updateFrametimeParameters NFRAMES (HDR) = 16106.0495677068
source2 updateFrametimeParameters NFRAMES (SRC) = 16106.0495677068
source2 updateFrametimeParameters NFRAMES (BKG) = 16106.0495677068

Source2 .. deriveRates  exposure src = 174.882707416074
Source2 .. deriveRates  exposure bkg = 174.882707416074
Source2 .. deriveRates  exposure hdr = 174.882707416074
Source2 .. deriveRates  NFRAMES(SRC,BKG) = 16106.0495677068,16106.0495677068 !!! 
bkg: counts=400.061 area=4499.578 [pix] exp=174.882707416074 [s]
src: counts=1229.068 area=77.969 [pix] exp=174.882707416074 [s]
b = (bkg_cnts=400.061) / (bkg_exp_s=174.882707416074 * N_b=4499.578) = 0.000508 [count/s/pix]
b_sig = (bkg_cnts_err = 19.997) / (bkg_exp_s=174.882707416074 * N_b=4499.578) = 0.000025 [count/s/pix]
s = (src_cnts=1229.068) / (T_s=src_exp_s=174.882707416074) = 7.027956 [count/s]
s_sig = (src_cnts_err=33.694) / T_s) = 0.192666 [count/s]
r = s {7.027956} - b {0.000508} * N_s = 6.988317 [count/s]
r_sig = sqrt(s_sig {0.192666}**2 + (b_sig {0.000025} * N_s)**2) = 0.192676 [count/s]
nsigma = 36.27
uvotsource: keyword CRVAL1 |197.543076085| => |197.543076085|
uvotsource: keyword CRVAL2 |32.3574901899| => |32.3574901899|
uvotsource: keyword CRPIX1 |711.| => |711.|
uvotsource: keyword CRPIX2 |450.5| => |450.5|
uvotsource: keyword CDELT1 |-0.00027888888381462| => |-0.00027888888381462|
uvotsource: keyword CDELT2 |0.00027888888381462| => |0.00027888888381462|
uvotsource: keyword CUNIT1 |deg| => |deg|
uvotsource: keyword CUNIT2 |deg| => |deg|
uvotsource: keyword CTYPE1 |RA---TAN| => |RA---TAN|
uvotsource: keyword CTYPE2 |DEC--TAN| => |DEC--TAN|
uvotsource: keyword CRVAL1D |0.| => |0.|
uvotsource: keyword CRVAL2D |0.| => |0.|
uvotsource: keyword CRPIX1D |605.961687082708| => |605.961687082708|
uvotsource: keyword CRPIX2D |621.10631033195| => |621.10631033195|
uvotsource: keyword CDELT1D |0.0181499956847483| => |0.0181499956847483|
uvotsource: keyword CDELT2D |0.0181499956847483| => |0.0181499956847483|
uvotsource: keyword CUNIT1D |mm| => |mm|
uvotsource: keyword CUNIT2D |mm| => |mm|
uvotsource: keyword CTYPE1D |DETX| => |DETX|
uvotsource: keyword CTYPE2D |DETY| => |DETY|
uvotsource: keyword PC1_1D |-0.959720207981255| => |-0.959720207981255|
uvotsource: keyword PC1_2D |0.280957596545329| => |0.280957596545329|
uvotsource: keyword PC2_1D |-0.280957128912492| => |-0.280957128912492|
uvotsource: keyword PC2_2D |-0.959720294173966| => |-0.959720294173966|
uvotsource: verbose: DET 1222.93,1580.96 => RAW 1157.25,1500.96
uvotsource: Source
            Position: RA = 13h 10m 28.66s, Dec = +32d 20m 44.0s (J2000)
            Position: RA = 197.61942, Dec = 32.34555 (J2000)
            Exposure: 174.88 s (source)
            Exposure: 174.88 s (background)
              Filter: UVM2
        Significance: 36.3 sigma (stat)
    Background-limit: 1.0 sigma (stat)
uvotsource: UVOT uvm2 magnitude (Vega system)
              Source: 14.42 +/- 0.04 (stat) +/- 0.03 (sys)
          Background: 25.09 arcsec^-2
    Background-limit: 20.87
   Coincidence-limit: 10.42
uvotsource: UVOT uvm2 magnitude (AB system)
              Source: 16.11 +/- 0.04 (stat) +/- 0.03 (sys)
          Background: 26.78 arcsec^-2
    Background-limit: 22.56
   Coincidence-limit: 12.11
uvotsource: Flux density [erg/s/cm^2/A]
              Source: 7.91 +/- 0.28 (stat) +/- 0.05 (sys) x 10^-15
          Background: 4.26 +/- 0.21 (stat) +/- 0.03 (sys) x 10^-19 arcsec^-2
    Background-limit: 2.07 x 10^-17
   Coincidence-limit: 3.14 x 10^-13
uvotsource: Corrected rate [count/s]
              Source: 9.371 +/- 0.333 (stat)
          Background: 0.00050 arcsec^-2
    Background-limit: 0.025
   Coincidence-limit: 372.234
uvotsource: Raw rate [count/s]
              Source: 6.988 +/- 0.193 (stat)
          Background: 0.00050 arcsec^-2
    Background-limit: 0.018
   Coincidence-limit: 90.644
uvotsource: Flux density [mJy at 1.345 x 10^15 Hz]
              Source: 1.31 +/- 0.05 (stat) +/- 0.01 (sys) x 10^0
          Background: 7.06 +/- 0.35 (stat) +/- 0.04 (sys) x 10^-5 arcsec^-2
    Background-limit: 3.44 x 10^-3
   Coincidence-limit: 5.21 x 10^1
uvotsource: shell ftcreate "cdfile=his.1157105.4.cdf" "datafile=his.1157105.5.dat" "outfile=this.1157105.7.fits" "clobber=NO" "tabtyp=BINARY" "chatter=1" "history=NO" "morehdr=0" "inull=0" "nrows=0" "nskip=0"
uvotsource: --- begin/end ftcreate
uvotsource: shell fthedit "infile=this.1157105.7.fits+1" "keyword=@head.1157105.6.txt" "longstring=NO" "protect=YES" "history=NO" "chatter=1"
uvotsource: --- begin/end fthedit
uvotsource: shell fthedit "infile=this.1157105.7.fits+0" "keyword=@head.1157105.6.txt" "longstring=NO" "protect=YES" "chatter=1" "history=NO"
uvotsource: --- begin/end fthedit
uvotsource: complete [time=1720884758, delta=260, elapsed=260]
