uvotsource: Got parameters:
	image = /mnt/sdb1/Swift/OP313/reproc/00036384074/uvot/image/sw00036384074uw1_sk.img.gz+1
	srcreg = /mnt/sdb1/Swift/OP313/reproc/00036384074/uvotproduct/source.reg
	bkgreg = /mnt/sdb1/Swift/OP313/reproc/00036384074/uvotproduct/background.reg
	sigma = 1
	apercorr = CURVEOFGROWTH
	output = ALL
	expfile = NONE
	cleanup = yes
	clobber = yes
	chatter = 5
uvotsource: Checking quality of input files
uvotsource: /mnt/sdb1/Swift/OP313/reproc/00036384074/uvot/image/sw00036384074uw1_sk.img.gz+1: OK
uvotsource: Reading image keywords
uvotsource: querying CALDB with
	CODENAME => COINCIDENCE
	MISSION => SWIFT
	INSTRUMENT => UVOTA
	DETECTOR => 1200
	FILTER => UVW1
	STARTDATE => 2024-03-03
	STARTTIME => 22:03:24
	STOPDATE => 2024-03-03
	STOPTIME => 22:03:24
	EXPRESSION => -
uvotsource: selected COINCIDENCE https://heasarc.gsfc.nasa.gov/FTP/caldb/data/swift/uvota/bcf/coinc/swucountcor20010101v103.fits[1]
uvotsource: querying CALDB with
	CODENAME => COLORTABLE
	MISSION => SWIFT
	INSTRUMENT => UVOTA
	DETECTOR => 1200
	FILTER => UVW1
	STARTDATE => 2024-03-03
	STARTTIME => 22:03:24
	STOPDATE => 2024-03-03
	STOPTIME => 22:03:24
	EXPRESSION => -
uvotsource: selected COLORTABLE https://heasarc.gsfc.nasa.gov/FTP/caldb/data/swift/uvota/bcf/phot/swuphot20041120v108.fits[1]
uvotsource: AB magnitude system
uvotsource: 	B       : ZPT=18.98 ZPE=0.02 FCF=1.480E-16 FCE=5.6E-19 WAV=4321
uvotsource: 	U       : ZPT=19.36 ZPE=0.02 FCF=1.663E-16 FCE=2.5E-18 WAV=3442
uvotsource: 	V       : ZPT=17.88 ZPE=0.01 FCF=2.611E-16 FCE=8.7E-19 WAV=5410
uvotsource: 	WHITE   : ZPT=21.09 ZPE=0.04 FCF=5.249E-17 FCE=7.0E-18 WAV=2753
uvotsource: 	UVW1    : ZPT=18.95 ZPE=0.03 FCF=4.623E-16 FCE=1.4E-17 WAV=2486
uvotsource: 	UVW2    : ZPT=19.11 ZPE=0.03 FCF=6.225E-16 FCE=1.3E-17 WAV=1991
uvotsource: 	UVM2    : ZPT=18.54 ZPE=0.03 FCF=8.489E-16 FCE=5.3E-18 WAV=2221
uvotsource: 	VGRISM  : ZPT=99.99 ZPE=0.0 FCF=0.0 FCE=0.0 WAV=0
uvotsource: 	UGRISM  : ZPT=99.99 ZPE=0.0 FCF=0.0 FCE=0.0 WAV=0
uvotsource: Vega magnitude system
uvotsource: 	B       : ZPT=19.11 ZPE=0.02 FCF=1.471E-16 FCE=5.6E-19 WAV=4329
uvotsource: 	U       : ZPT=18.34 ZPE=0.02 FCF=1.628E-16 FCE=2.5E-18 WAV=3501
uvotsource: 	V       : ZPT=17.89 ZPE=0.01 FCF=2.613E-16 FCE=8.7E-19 WAV=5402
uvotsource: 	WHITE   : ZPT=20.29 ZPE=0.04 FCF=3.677E-17 FCE=4.9E-18 WAV=3470
uvotsource: 	UVW1    : ZPT=17.44 ZPE=0.03 FCF=4.209E-16 FCE=1.3E-17 WAV=2591
uvotsource: 	UVW2    : ZPT=17.38 ZPE=0.03 FCF=5.976E-16 FCE=1.3E-17 WAV=2033
uvotsource: 	UVM2    : ZPT=16.85 ZPE=0.03 FCF=8.446E-16 FCE=5.3E-18 WAV=2229
uvotsource: 	VGRISM  : ZPT=99.99 ZPE=0.0 FCF=0.0 FCE=0.0 WAV=0
uvotsource: 	UGRISM  : ZPT=99.99 ZPE=0.0 FCF=0.0 FCE=0.0 WAV=0
uvotsource: querying CALDB with
	CODENAME => REEF
	MISSION => SWIFT
	INSTRUMENT => UVOTA
	DETECTOR => 1200
	FILTER => -
	STARTDATE => 2024-03-03
	STARTTIME => 22:03:24
	STOPDATE => 2024-03-03
	STOPTIME => 22:03:24
	EXPRESSION => -
uvotsource: selected REEF https://heasarc.gsfc.nasa.gov/FTP/caldb/data/swift/uvota/cpf/psf/swureef20041120v104.fits
uvotsource: querying CALDB with
	CODENAME => SKYFLAT
	MISSION => SWIFT
	INSTRUMENT => UVOTA
	DETECTOR => 1200
	FILTER => UVW1
	STARTDATE => 2024-03-03
	STARTTIME => 22:03:24
	STOPDATE => 2024-03-03
	STOPTIME => 22:03:24
	EXPRESSION => -
uvotsource: selected SKYFLAT https://heasarc.gsfc.nasa.gov/FTP/caldb/data/swift/uvota/bcf/flats/swulssens20041120v003.fits[4]
uvotsource: querying CALDB with
	CODENAME => SENSCORR
	MISSION => SWIFT
	INSTRUMENT => UVOTA
	DETECTOR => 1200
	FILTER => -
	STARTDATE => 2024-03-03
	STARTTIME => 22:03:24
	STOPDATE => 2024-03-03
	STOPTIME => 22:03:24
	EXPRESSION => -
uvotsource: selected SENSCORR https://heasarc.gsfc.nasa.gov/FTP/caldb/data/swift/uvota/bcf/senscorr/swusenscorr20041120v007.fits[1]
uvotsource: /mnt/sdb1/Swift/OP313/reproc/00036384074/uvotproduct/source.reg: looks OK
uvotsource: /mnt/sdb1/Swift/OP313/reproc/00036384074/uvotproduct/background.reg: looks OK
uvotsource: verbose: not checking whether regions are in FOV
not checking whether regions are in FOV
uvotsource: verbose: no exposure map so only able to validate that regions are inside image
uvotsource: shell uvotinteg "infile=/mnt/sdb1/Swift/OP313/reproc/00036384074/uvot/image/sw00036384074uw1_sk.img.gz+1[pix 1]" "regfile=/mnt/sdb1/Swift/OP313/reproc/00036384074/uvotproduct/source.reg,/mnt/sdb1/Swift/OP313/reproc/00036384074/uvotproduct/background.reg" "operation=FOV" "subpixels=8" "control=BASIC" "sysname=DEFAULT" "chatter=2" "format=DEFAULT" "nullarea=no" "nsigma=3"
uvotsource: 
--- begin uvotinteg
monitor: fov: 1.000 [value]
monitor: nulls: 0
monitor: goods: 443341
monitor: fov: 1.000 [value]
monitor: nulls: 0
monitor: goods: 30637745
--- end uvotinteg
uvotsource: verbose: /mnt/sdb1/Swift/OP313/reproc/00036384074/uvotproduct/source.reg containment is 1.000
uvotsource: verbose: /mnt/sdb1/Swift/OP313/reproc/00036384074/uvotproduct/background.reg containment is 1.000
uvotsource: shell uvotinteg "infile=/mnt/sdb1/Swift/OP313/reproc/00036384074/uvot/image/sw00036384074uw1_sk.img.gz+1" "regfile=tmpsrcreg.1095908.2.reg,tmpbkgreg.1095908.1.reg,std.1095908.3.reg" "operation=AREA,SUM" "subpixels=8" "control=BASIC" "chatter=2" "sysname=DEFAULT" "nullarea=no" "format=DEFAULT" "nsigma=3"
uvotsource: 
--- begin uvotinteg
monitor: area: 6927.203 [pixel]
monitor: nulls: 0
monitor: goods: 443341
monitor: sum: 3769.693 [value]
monitor: area: 478714.766 [pixel]
monitor: nulls: 0
monitor: goods: 30637745
monitor: sum: 92632.441 [value]
monitor: area: 77.844 [pixel]
monitor: nulls: 0
monitor: goods: 4982
monitor: sum: 295.263 [value]
--- end uvotinteg
source2 updateFrametimeParameters NFRAMES (HDR) = 13484.8769906057
source2 updateFrametimeParameters NFRAMES (SRC) = 13484.8769906057
source2 updateFrametimeParameters NFRAMES (BKG) = 13484.8769906057

Source2 .. deriveRates  exposure src = 146.421491339395
Source2 .. deriveRates  exposure bkg = 146.421491339395
Source2 .. deriveRates  exposure hdr = 146.421491339395
Source2 .. deriveRates  NFRAMES(SRC,BKG) = 13484.8769906057,13484.8769906057 !!! 
bkg: counts=92632.441 area=478714.766 [pix] exp=146.421491339395 [s]
src: counts=3769.693 area=6927.203 [pix] exp=146.421491339395 [s]
b = (bkg_cnts=92632.441) / (bkg_exp_s=146.421491339395 * N_b=478714.766) = 0.001322 [count/s/pix]
b_sig = (bkg_cnts_err = 304.182) / (bkg_exp_s=146.421491339395 * N_b=478714.766) = 0.000004 [count/s/pix]
s = (src_cnts=3769.693) / (T_s=src_exp_s=146.421491339395) = 25.745490 [count/s]
s_sig = (src_cnts_err=52.114) / T_s) = 0.355918 [count/s]
r = s {25.745490} - b {0.001322} * N_s = 16.590890 [count/s]
r_sig = sqrt(s_sig {0.355918}**2 + (b_sig {0.000004} * N_s)**2) = 0.357185 [count/s]
nsigma = 46.45
uvotsource: keyword CRVAL1 |197.543076667| => |197.543076667|
uvotsource: keyword CRVAL2 |32.3575172141| => |32.3575172141|
uvotsource: keyword CRPIX1 |712.5| => |712.5|
uvotsource: keyword CRPIX2 |456.5| => |456.5|
uvotsource: keyword CDELT1 |-0.00027888888381462| => |-0.00027888888381462|
uvotsource: keyword CDELT2 |0.00027888888381462| => |0.00027888888381462|
uvotsource: keyword CUNIT1 |deg| => |deg|
uvotsource: keyword CUNIT2 |deg| => |deg|
uvotsource: keyword CTYPE1 |RA---TAN| => |RA---TAN|
uvotsource: keyword CTYPE2 |DEC--TAN| => |DEC--TAN|
uvotsource: keyword CRVAL1D |0.| => |0.|
uvotsource: keyword CRVAL2D |0.| => |0.|
uvotsource: keyword CRPIX1D |606.250393508484| => |606.250393508484|
uvotsource: keyword CRPIX2D |621.24743929127| => |621.24743929127|
uvotsource: keyword CDELT1D |0.0181499958684615| => |0.0181499958684615|
uvotsource: keyword CDELT2D |0.0181499958684615| => |0.0181499958684615|
uvotsource: keyword CUNIT1D |mm| => |mm|
uvotsource: keyword CUNIT2D |mm| => |mm|
uvotsource: keyword CTYPE1D |DETX| => |DETX|
uvotsource: keyword CTYPE2D |DETY| => |DETY|
uvotsource: keyword PC1_1D |-0.959780917090781| => |-0.959780917090781|
uvotsource: keyword PC1_2D |0.28075016740646| => |0.28075016740646|
uvotsource: keyword PC2_1D |-0.280749716634484| => |-0.280749716634484|
uvotsource: keyword PC2_2D |-0.959780980901105| => |-0.959780980901105|
uvotsource: verbose: DET 1211.01,1566.14 => RAW 1144.84,1486.09
uvotsource: Source
            Position: RA = 13h 10m 28.14s, Dec = +32d 20m 43.6s (J2000)
            Position: RA = 197.61723, Dec = 32.34545 (J2000)
            Exposure: 146.42 s (source)
            Exposure: 146.42 s (background)
              Filter: UVW1
        Significance: 46.4 sigma (stat)
    Background-limit: 1.0 sigma (stat)
uvotsource: UVOT uvw1 magnitude (Vega system)
              Source: 14.25 +/- 1.09 (stat) +/- 0.03 (sys)
          Background: 24.65 arcsec^-2
    Background-limit: 18.79
   Coincidence-limit: 11.01
uvotsource: UVOT uvw1 magnitude (AB system)
              Source: 15.76 +/- 1.09 (stat) +/- 0.03 (sys)
          Background: 26.16 arcsec^-2
    Background-limit: 20.30
   Coincidence-limit: 12.52
uvotsource: Flux density [erg/s/cm^2/A]
              Source: 7.93 +/- 7.93 (stat) +/- 0.24 (sys) x 10^-15
          Background: 5.52 +/- 0.02 (stat) +/- 0.17 (sys) x 10^-19 arcsec^-2
    Background-limit: 1.21 x 10^-16
   Coincidence-limit: 1.57 x 10^-13
uvotsource: Corrected rate [count/s]
              Source: 18.843 +/- 18.847 (stat)
          Background: 0.0013 arcsec^-2
    Background-limit: 0.288
   Coincidence-limit: 372.234
uvotsource: Raw rate [count/s]
              Source: 16.591 +/- 0.357 (stat)
          Background: 0.0013 arcsec^-2
    Background-limit: 0.255
   Coincidence-limit: 90.644
uvotsource: Flux density [mJy at 1.157 x 10^15 Hz]
              Source: 1.78 +/- 1.78 (stat) +/- 0.05 (sys) x 10^0
          Background: 1.24 +/- 0.00 (stat) +/- 0.04 (sys) x 10^-4 arcsec^-2
    Background-limit: 2.72 x 10^-2
   Coincidence-limit: 3.51 x 10^1
uvotsource: shell ftcreate "cdfile=his.1095908.4.cdf" "datafile=his.1095908.5.dat" "outfile=this.1095908.7.fits" "tabtyp=BINARY" "morehdr=0" "history=NO" "nrows=0" "nskip=0" "clobber=NO" "chatter=1" "inull=0"
uvotsource: --- begin/end ftcreate
uvotsource: shell fthedit "infile=this.1095908.7.fits+1" "keyword=@head.1095908.6.txt" "longstring=NO" "chatter=1" "protect=YES" "history=NO"
uvotsource: --- begin/end fthedit
uvotsource: shell fthedit "infile=this.1095908.7.fits+0" "keyword=@head.1095908.6.txt" "longstring=NO" "protect=YES" "chatter=1" "history=NO"
uvotsource: --- begin/end fthedit
uvotsource: complete [time=1720769961, delta=260, elapsed=260]
uvotsource: Got parameters:
	image = /mnt/sdb1/Swift/OP313/reproc/00036384074/uvot/image/sw00036384074uw1_sk.img.gz+1
	srcreg = /mnt/sdb1/Swift/OP313/reproc/00036384074/uvotproduct/source.reg
	bkgreg = /mnt/sdb1/Swift/OP313/reproc/00036384074/uvotproduct/background.reg
	sigma = 1
	apercorr = CURVEOFGROWTH
	output = ALL
	expfile = NONE
	cleanup = yes
	clobber = yes
	chatter = 5
uvotsource: Checking quality of input files
uvotsource: /mnt/sdb1/Swift/OP313/reproc/00036384074/uvot/image/sw00036384074uw1_sk.img.gz+1: OK
uvotsource: Reading image keywords
uvotsource: querying CALDB with
	CODENAME => COINCIDENCE
	MISSION => SWIFT
	INSTRUMENT => UVOTA
	DETECTOR => 1200
	FILTER => UVW1
	STARTDATE => 2024-03-03
	STARTTIME => 22:03:24
	STOPDATE => 2024-03-03
	STOPTIME => 22:03:24
	EXPRESSION => -
uvotsource: selected COINCIDENCE https://heasarc.gsfc.nasa.gov/FTP/caldb/data/swift/uvota/bcf/coinc/swucountcor20010101v103.fits[1]
uvotsource: querying CALDB with
	CODENAME => COLORTABLE
	MISSION => SWIFT
	INSTRUMENT => UVOTA
	DETECTOR => 1200
	FILTER => UVW1
	STARTDATE => 2024-03-03
	STARTTIME => 22:03:24
	STOPDATE => 2024-03-03
	STOPTIME => 22:03:24
	EXPRESSION => -
uvotsource: selected COLORTABLE https://heasarc.gsfc.nasa.gov/FTP/caldb/data/swift/uvota/bcf/phot/swuphot20041120v108.fits[1]
uvotsource: AB magnitude system
uvotsource: 	B       : ZPT=18.98 ZPE=0.02 FCF=1.480E-16 FCE=5.6E-19 WAV=4321
uvotsource: 	U       : ZPT=19.36 ZPE=0.02 FCF=1.663E-16 FCE=2.5E-18 WAV=3442
uvotsource: 	V       : ZPT=17.88 ZPE=0.01 FCF=2.611E-16 FCE=8.7E-19 WAV=5410
uvotsource: 	WHITE   : ZPT=21.09 ZPE=0.04 FCF=5.249E-17 FCE=7.0E-18 WAV=2753
uvotsource: 	UVW1    : ZPT=18.95 ZPE=0.03 FCF=4.623E-16 FCE=1.4E-17 WAV=2486
uvotsource: 	UVW2    : ZPT=19.11 ZPE=0.03 FCF=6.225E-16 FCE=1.3E-17 WAV=1991
uvotsource: 	UVM2    : ZPT=18.54 ZPE=0.03 FCF=8.489E-16 FCE=5.3E-18 WAV=2221
uvotsource: 	VGRISM  : ZPT=99.99 ZPE=0.0 FCF=0.0 FCE=0.0 WAV=0
uvotsource: 	UGRISM  : ZPT=99.99 ZPE=0.0 FCF=0.0 FCE=0.0 WAV=0
uvotsource: Vega magnitude system
uvotsource: 	B       : ZPT=19.11 ZPE=0.02 FCF=1.471E-16 FCE=5.6E-19 WAV=4329
uvotsource: 	U       : ZPT=18.34 ZPE=0.02 FCF=1.628E-16 FCE=2.5E-18 WAV=3501
uvotsource: 	V       : ZPT=17.89 ZPE=0.01 FCF=2.613E-16 FCE=8.7E-19 WAV=5402
uvotsource: 	WHITE   : ZPT=20.29 ZPE=0.04 FCF=3.677E-17 FCE=4.9E-18 WAV=3470
uvotsource: 	UVW1    : ZPT=17.44 ZPE=0.03 FCF=4.209E-16 FCE=1.3E-17 WAV=2591
uvotsource: 	UVW2    : ZPT=17.38 ZPE=0.03 FCF=5.976E-16 FCE=1.3E-17 WAV=2033
uvotsource: 	UVM2    : ZPT=16.85 ZPE=0.03 FCF=8.446E-16 FCE=5.3E-18 WAV=2229
uvotsource: 	VGRISM  : ZPT=99.99 ZPE=0.0 FCF=0.0 FCE=0.0 WAV=0
uvotsource: 	UGRISM  : ZPT=99.99 ZPE=0.0 FCF=0.0 FCE=0.0 WAV=0
uvotsource: querying CALDB with
	CODENAME => REEF
	MISSION => SWIFT
	INSTRUMENT => UVOTA
	DETECTOR => 1200
	FILTER => -
	STARTDATE => 2024-03-03
	STARTTIME => 22:03:24
	STOPDATE => 2024-03-03
	STOPTIME => 22:03:24
	EXPRESSION => -
uvotsource: selected REEF https://heasarc.gsfc.nasa.gov/FTP/caldb/data/swift/uvota/cpf/psf/swureef20041120v104.fits
uvotsource: querying CALDB with
	CODENAME => SKYFLAT
	MISSION => SWIFT
	INSTRUMENT => UVOTA
	DETECTOR => 1200
	FILTER => UVW1
	STARTDATE => 2024-03-03
	STARTTIME => 22:03:24
	STOPDATE => 2024-03-03
	STOPTIME => 22:03:24
	EXPRESSION => -
uvotsource: selected SKYFLAT https://heasarc.gsfc.nasa.gov/FTP/caldb/data/swift/uvota/bcf/flats/swulssens20041120v003.fits[4]
uvotsource: querying CALDB with
	CODENAME => SENSCORR
	MISSION => SWIFT
	INSTRUMENT => UVOTA
	DETECTOR => 1200
	FILTER => -
	STARTDATE => 2024-03-03
	STARTTIME => 22:03:24
	STOPDATE => 2024-03-03
	STOPTIME => 22:03:24
	EXPRESSION => -
uvotsource: selected SENSCORR https://heasarc.gsfc.nasa.gov/FTP/caldb/data/swift/uvota/bcf/senscorr/swusenscorr20041120v007.fits[1]
uvotsource: /mnt/sdb1/Swift/OP313/reproc/00036384074/uvotproduct/source.reg: looks OK
uvotsource: /mnt/sdb1/Swift/OP313/reproc/00036384074/uvotproduct/background.reg: looks OK
uvotsource: verbose: not checking whether regions are in FOV
not checking whether regions are in FOV
uvotsource: verbose: no exposure map so only able to validate that regions are inside image
uvotsource: shell uvotinteg "infile=/mnt/sdb1/Swift/OP313/reproc/00036384074/uvot/image/sw00036384074uw1_sk.img.gz+1[pix 1]" "regfile=/mnt/sdb1/Swift/OP313/reproc/00036384074/uvotproduct/source.reg,/mnt/sdb1/Swift/OP313/reproc/00036384074/uvotproduct/background.reg" "operation=FOV" "subpixels=8" "nullarea=no" "format=DEFAULT" "nsigma=3" "control=BASIC" "sysname=DEFAULT" "chatter=2"
uvotsource: 
--- begin uvotinteg
monitor: fov: 1.000 [value]
monitor: nulls: 0
monitor: goods: 4984
monitor: fov: 1.000 [value]
monitor: nulls: 0
monitor: goods: 287963
--- end uvotinteg
uvotsource: verbose: /mnt/sdb1/Swift/OP313/reproc/00036384074/uvotproduct/source.reg containment is 1.000
uvotsource: verbose: /mnt/sdb1/Swift/OP313/reproc/00036384074/uvotproduct/background.reg containment is 1.000
uvotsource: shell uvotinteg "infile=/mnt/sdb1/Swift/OP313/reproc/00036384074/uvot/image/sw00036384074uw1_sk.img.gz+1" "regfile=tmpsrcreg.1104181.2.reg,tmpbkgreg.1104181.1.reg,std.1104181.3.reg" "operation=AREA,SUM" "subpixels=8" "format=DEFAULT" "nsigma=3" "nullarea=no" "chatter=2" "control=BASIC" "sysname=DEFAULT"
uvotsource: 
--- begin uvotinteg
monitor: area: 77.875 [pixel]
monitor: nulls: 0
monitor: goods: 4984
monitor: sum: 1951.578 [value]
monitor: area: 4499.422 [pixel]
monitor: nulls: 0
monitor: goods: 287963
monitor: sum: 1099.464 [value]
monitor: area: 77.875 [pixel]
monitor: nulls: 0
monitor: goods: 4984
monitor: sum: 1951.578 [value]
--- end uvotinteg
source2 updateFrametimeParameters NFRAMES (HDR) = 13484.8769906057
source2 updateFrametimeParameters NFRAMES (SRC) = 13484.8769906057
source2 updateFrametimeParameters NFRAMES (BKG) = 13484.8769906057

Source2 .. deriveRates  exposure src = 146.421491339395
Source2 .. deriveRates  exposure bkg = 146.421491339395
Source2 .. deriveRates  exposure hdr = 146.421491339395
Source2 .. deriveRates  NFRAMES(SRC,BKG) = 13484.8769906057,13484.8769906057 !!! 
bkg: counts=1099.464 area=4499.422 [pix] exp=146.421491339395 [s]
src: counts=1951.578 area=77.875 [pix] exp=146.421491339395 [s]
b = (bkg_cnts=1099.464) / (bkg_exp_s=146.421491339395 * N_b=4499.422) = 0.001669 [count/s/pix]
b_sig = (bkg_cnts_err = 33.134) / (bkg_exp_s=146.421491339395 * N_b=4499.422) = 0.000050 [count/s/pix]
s = (src_cnts=1951.578) / (T_s=src_exp_s=146.421491339395) = 13.328494 [count/s]
s_sig = (src_cnts_err=40.855) / T_s) = 0.279024 [count/s]
r = s {13.328494} - b {0.001669} * N_s = 13.198532 [count/s]
r_sig = sqrt(s_sig {0.279024}**2 + (b_sig {0.000050} * N_s)**2) = 0.279051 [count/s]
nsigma = 47.30
uvotsource: keyword CRVAL1 |197.543076667| => |197.543076667|
uvotsource: keyword CRVAL2 |32.3575172141| => |32.3575172141|
uvotsource: keyword CRPIX1 |712.5| => |712.5|
uvotsource: keyword CRPIX2 |456.5| => |456.5|
uvotsource: keyword CDELT1 |-0.00027888888381462| => |-0.00027888888381462|
uvotsource: keyword CDELT2 |0.00027888888381462| => |0.00027888888381462|
uvotsource: keyword CUNIT1 |deg| => |deg|
uvotsource: keyword CUNIT2 |deg| => |deg|
uvotsource: keyword CTYPE1 |RA---TAN| => |RA---TAN|
uvotsource: keyword CTYPE2 |DEC--TAN| => |DEC--TAN|
uvotsource: keyword CRVAL1D |0.| => |0.|
uvotsource: keyword CRVAL2D |0.| => |0.|
uvotsource: keyword CRPIX1D |606.250393508484| => |606.250393508484|
uvotsource: keyword CRPIX2D |621.24743929127| => |621.24743929127|
uvotsource: keyword CDELT1D |0.0181499958684615| => |0.0181499958684615|
uvotsource: keyword CDELT2D |0.0181499958684615| => |0.0181499958684615|
uvotsource: keyword CUNIT1D |mm| => |mm|
uvotsource: keyword CUNIT2D |mm| => |mm|
uvotsource: keyword CTYPE1D |DETX| => |DETX|
uvotsource: keyword CTYPE2D |DETY| => |DETY|
uvotsource: keyword PC1_1D |-0.959780917090781| => |-0.959780917090781|
uvotsource: keyword PC1_2D |0.28075016740646| => |0.28075016740646|
uvotsource: keyword PC2_1D |-0.280749716634484| => |-0.280749716634484|
uvotsource: keyword PC2_2D |-0.959780980901105| => |-0.959780980901105|
uvotsource: verbose: DET 1223.94,1569.19 => RAW 1158.11,1489.28
uvotsource: Source
            Position: RA = 13h 10m 28.66s, Dec = +32d 20m 44.0s (J2000)
            Position: RA = 197.61942, Dec = 32.34555 (J2000)
            Exposure: 146.42 s (source)
            Exposure: 146.42 s (background)
              Filter: UVW1
        Significance: 47.3 sigma (stat)
    Background-limit: 1.0 sigma (stat)
uvotsource: UVOT uvw1 magnitude (Vega system)
              Source: 14.27 +/- 0.03 (stat) +/- 0.03 (sys)
          Background: 24.39 arcsec^-2
    Background-limit: 20.75
   Coincidence-limit: 11.01
uvotsource: UVOT uvw1 magnitude (AB system)
              Source: 15.78 +/- 0.03 (stat) +/- 0.03 (sys)
          Background: 25.90 arcsec^-2
    Background-limit: 22.26
   Coincidence-limit: 12.52
uvotsource: Flux density [erg/s/cm^2/A]
              Source: 7.80 +/- 0.23 (stat) +/- 0.24 (sys) x 10^-15
          Background: 6.97 +/- 0.21 (stat) +/- 0.22 (sys) x 10^-19 arcsec^-2
    Background-limit: 1.99 x 10^-17
   Coincidence-limit: 1.57 x 10^-13
uvotsource: Corrected rate [count/s]
              Source: 18.536 +/- 0.556 (stat)
          Background: 0.0017 arcsec^-2
    Background-limit: 0.047
   Coincidence-limit: 372.234
uvotsource: Raw rate [count/s]
              Source: 13.199 +/- 0.279 (stat)
          Background: 0.0017 arcsec^-2
    Background-limit: 0.034
   Coincidence-limit: 90.644
uvotsource: Flux density [mJy at 1.157 x 10^15 Hz]
              Source: 1.75 +/- 0.05 (stat) +/- 0.05 (sys) x 10^0
          Background: 1.56 +/- 0.05 (stat) +/- 0.05 (sys) x 10^-4 arcsec^-2
    Background-limit: 4.45 x 10^-3
   Coincidence-limit: 3.51 x 10^1
uvotsource: shell ftcreate "cdfile=his.1104181.4.cdf" "datafile=his.1104181.5.dat" "outfile=this.1104181.7.fits" "history=NO" "clobber=NO" "chatter=1" "tabtyp=BINARY" "inull=0" "nrows=0" "morehdr=0" "nskip=0"
uvotsource: --- begin/end ftcreate
uvotsource: shell fthedit "infile=this.1104181.7.fits+1" "keyword=@head.1104181.6.txt" "longstring=NO" "protect=YES" "chatter=1" "history=NO"
uvotsource: --- begin/end fthedit
uvotsource: shell fthedit "infile=this.1104181.7.fits+0" "keyword=@head.1104181.6.txt" "protect=YES" "longstring=NO" "history=NO" "chatter=1"
uvotsource: --- begin/end fthedit
uvotsource: complete [time=1720783509, delta=263, elapsed=263]
uvotsource: Got parameters:
	image = /mnt/sdb1/Swift/OP313/reproc/00036384074/uvot/image/sw00036384074uw1_sk.img.gz+1
	srcreg = /mnt/sdb1/Swift/OP313/reproc/00036384074/uvotproduct/source.reg
	bkgreg = /mnt/sdb1/Swift/OP313/reproc/00036384074/uvotproduct/background.reg
	sigma = 1
	apercorr = CURVEOFGROWTH
	output = ALL
	expfile = NONE
	cleanup = yes
	clobber = yes
	chatter = 5
uvotsource: Checking quality of input files
uvotsource: /mnt/sdb1/Swift/OP313/reproc/00036384074/uvot/image/sw00036384074uw1_sk.img.gz+1: OK
uvotsource: Reading image keywords
uvotsource: querying CALDB with
	CODENAME => COINCIDENCE
	MISSION => SWIFT
	INSTRUMENT => UVOTA
	DETECTOR => 1200
	FILTER => UVW1
	STARTDATE => 2024-03-03
	STARTTIME => 22:03:24
	STOPDATE => 2024-03-03
	STOPTIME => 22:03:24
	EXPRESSION => -
uvotsource: selected COINCIDENCE https://heasarc.gsfc.nasa.gov/FTP/caldb/data/swift/uvota/bcf/coinc/swucountcor20010101v103.fits[1]
uvotsource: querying CALDB with
	CODENAME => COLORTABLE
	MISSION => SWIFT
	INSTRUMENT => UVOTA
	DETECTOR => 1200
	FILTER => UVW1
	STARTDATE => 2024-03-03
	STARTTIME => 22:03:24
	STOPDATE => 2024-03-03
	STOPTIME => 22:03:24
	EXPRESSION => -
uvotsource: selected COLORTABLE https://heasarc.gsfc.nasa.gov/FTP/caldb/data/swift/uvota/bcf/phot/swuphot20041120v108.fits[1]
uvotsource: AB magnitude system
uvotsource: 	B       : ZPT=18.98 ZPE=0.02 FCF=1.480E-16 FCE=5.6E-19 WAV=4321
uvotsource: 	U       : ZPT=19.36 ZPE=0.02 FCF=1.663E-16 FCE=2.5E-18 WAV=3442
uvotsource: 	V       : ZPT=17.88 ZPE=0.01 FCF=2.611E-16 FCE=8.7E-19 WAV=5410
uvotsource: 	WHITE   : ZPT=21.09 ZPE=0.04 FCF=5.249E-17 FCE=7.0E-18 WAV=2753
uvotsource: 	UVW1    : ZPT=18.95 ZPE=0.03 FCF=4.623E-16 FCE=1.4E-17 WAV=2486
uvotsource: 	UVW2    : ZPT=19.11 ZPE=0.03 FCF=6.225E-16 FCE=1.3E-17 WAV=1991
uvotsource: 	UVM2    : ZPT=18.54 ZPE=0.03 FCF=8.489E-16 FCE=5.3E-18 WAV=2221
uvotsource: 	VGRISM  : ZPT=99.99 ZPE=0.0 FCF=0.0 FCE=0.0 WAV=0
uvotsource: 	UGRISM  : ZPT=99.99 ZPE=0.0 FCF=0.0 FCE=0.0 WAV=0
uvotsource: Vega magnitude system
uvotsource: 	B       : ZPT=19.11 ZPE=0.02 FCF=1.471E-16 FCE=5.6E-19 WAV=4329
uvotsource: 	U       : ZPT=18.34 ZPE=0.02 FCF=1.628E-16 FCE=2.5E-18 WAV=3501
uvotsource: 	V       : ZPT=17.89 ZPE=0.01 FCF=2.613E-16 FCE=8.7E-19 WAV=5402
uvotsource: 	WHITE   : ZPT=20.29 ZPE=0.04 FCF=3.677E-17 FCE=4.9E-18 WAV=3470
uvotsource: 	UVW1    : ZPT=17.44 ZPE=0.03 FCF=4.209E-16 FCE=1.3E-17 WAV=2591
uvotsource: 	UVW2    : ZPT=17.38 ZPE=0.03 FCF=5.976E-16 FCE=1.3E-17 WAV=2033
uvotsource: 	UVM2    : ZPT=16.85 ZPE=0.03 FCF=8.446E-16 FCE=5.3E-18 WAV=2229
uvotsource: 	VGRISM  : ZPT=99.99 ZPE=0.0 FCF=0.0 FCE=0.0 WAV=0
uvotsource: 	UGRISM  : ZPT=99.99 ZPE=0.0 FCF=0.0 FCE=0.0 WAV=0
uvotsource: querying CALDB with
	CODENAME => REEF
	MISSION => SWIFT
	INSTRUMENT => UVOTA
	DETECTOR => 1200
	FILTER => -
	STARTDATE => 2024-03-03
	STARTTIME => 22:03:24
	STOPDATE => 2024-03-03
	STOPTIME => 22:03:24
	EXPRESSION => -
uvotsource: selected REEF https://heasarc.gsfc.nasa.gov/FTP/caldb/data/swift/uvota/cpf/psf/swureef20041120v104.fits
uvotsource: querying CALDB with
	CODENAME => SKYFLAT
	MISSION => SWIFT
	INSTRUMENT => UVOTA
	DETECTOR => 1200
	FILTER => UVW1
	STARTDATE => 2024-03-03
	STARTTIME => 22:03:24
	STOPDATE => 2024-03-03
	STOPTIME => 22:03:24
	EXPRESSION => -
uvotsource: selected SKYFLAT https://heasarc.gsfc.nasa.gov/FTP/caldb/data/swift/uvota/bcf/flats/swulssens20041120v003.fits[4]
uvotsource: querying CALDB with
	CODENAME => SENSCORR
	MISSION => SWIFT
	INSTRUMENT => UVOTA
	DETECTOR => 1200
	FILTER => -
	STARTDATE => 2024-03-03
	STARTTIME => 22:03:24
	STOPDATE => 2024-03-03
	STOPTIME => 22:03:24
	EXPRESSION => -
uvotsource: selected SENSCORR https://heasarc.gsfc.nasa.gov/FTP/caldb/data/swift/uvota/bcf/senscorr/swusenscorr20041120v007.fits[1]
uvotsource: /mnt/sdb1/Swift/OP313/reproc/00036384074/uvotproduct/source.reg: looks OK
uvotsource: /mnt/sdb1/Swift/OP313/reproc/00036384074/uvotproduct/background.reg: looks OK
uvotsource: verbose: not checking whether regions are in FOV
not checking whether regions are in FOV
uvotsource: verbose: no exposure map so only able to validate that regions are inside image
uvotsource: shell uvotinteg "infile=/mnt/sdb1/Swift/OP313/reproc/00036384074/uvot/image/sw00036384074uw1_sk.img.gz+1[pix 1]" "regfile=/mnt/sdb1/Swift/OP313/reproc/00036384074/uvotproduct/source.reg,/mnt/sdb1/Swift/OP313/reproc/00036384074/uvotproduct/background.reg" "operation=FOV" "subpixels=8" "format=DEFAULT" "control=BASIC" "nsigma=3" "chatter=2" "nullarea=no" "sysname=DEFAULT"
uvotsource: 
--- begin uvotinteg
monitor: fov: 1.000 [value]
monitor: nulls: 0
monitor: goods: 4984
monitor: fov: 1.000 [value]
monitor: nulls: 0
monitor: goods: 287963
--- end uvotinteg
uvotsource: verbose: /mnt/sdb1/Swift/OP313/reproc/00036384074/uvotproduct/source.reg containment is 1.000
uvotsource: verbose: /mnt/sdb1/Swift/OP313/reproc/00036384074/uvotproduct/background.reg containment is 1.000
uvotsource: shell uvotinteg "infile=/mnt/sdb1/Swift/OP313/reproc/00036384074/uvot/image/sw00036384074uw1_sk.img.gz+1" "regfile=tmpsrcreg.1157523.2.reg,tmpbkgreg.1157523.1.reg,std.1157523.3.reg" "operation=AREA,SUM" "subpixels=8" "nullarea=no" "sysname=DEFAULT" "nsigma=3" "chatter=2" "control=BASIC" "format=DEFAULT"
uvotsource: 
--- begin uvotinteg
monitor: area: 77.875 [pixel]
monitor: nulls: 0
monitor: goods: 4984
monitor: sum: 1951.578 [value]
monitor: area: 4499.422 [pixel]
monitor: nulls: 0
monitor: goods: 287963
monitor: sum: 1099.464 [value]
monitor: area: 77.875 [pixel]
monitor: nulls: 0
monitor: goods: 4984
monitor: sum: 1951.578 [value]
--- end uvotinteg
source2 updateFrametimeParameters NFRAMES (HDR) = 13484.8769906057
source2 updateFrametimeParameters NFRAMES (SRC) = 13484.8769906057
source2 updateFrametimeParameters NFRAMES (BKG) = 13484.8769906057

Source2 .. deriveRates  exposure src = 146.421491339395
Source2 .. deriveRates  exposure bkg = 146.421491339395
Source2 .. deriveRates  exposure hdr = 146.421491339395
Source2 .. deriveRates  NFRAMES(SRC,BKG) = 13484.8769906057,13484.8769906057 !!! 
bkg: counts=1099.464 area=4499.422 [pix] exp=146.421491339395 [s]
src: counts=1951.578 area=77.875 [pix] exp=146.421491339395 [s]
b = (bkg_cnts=1099.464) / (bkg_exp_s=146.421491339395 * N_b=4499.422) = 0.001669 [count/s/pix]
b_sig = (bkg_cnts_err = 33.134) / (bkg_exp_s=146.421491339395 * N_b=4499.422) = 0.000050 [count/s/pix]
s = (src_cnts=1951.578) / (T_s=src_exp_s=146.421491339395) = 13.328494 [count/s]
s_sig = (src_cnts_err=40.855) / T_s) = 0.279024 [count/s]
r = s {13.328494} - b {0.001669} * N_s = 13.198532 [count/s]
r_sig = sqrt(s_sig {0.279024}**2 + (b_sig {0.000050} * N_s)**2) = 0.279051 [count/s]
nsigma = 47.30
uvotsource: keyword CRVAL1 |197.543076667| => |197.543076667|
uvotsource: keyword CRVAL2 |32.3575172141| => |32.3575172141|
uvotsource: keyword CRPIX1 |712.5| => |712.5|
uvotsource: keyword CRPIX2 |456.5| => |456.5|
uvotsource: keyword CDELT1 |-0.00027888888381462| => |-0.00027888888381462|
uvotsource: keyword CDELT2 |0.00027888888381462| => |0.00027888888381462|
uvotsource: keyword CUNIT1 |deg| => |deg|
uvotsource: keyword CUNIT2 |deg| => |deg|
uvotsource: keyword CTYPE1 |RA---TAN| => |RA---TAN|
uvotsource: keyword CTYPE2 |DEC--TAN| => |DEC--TAN|
uvotsource: keyword CRVAL1D |0.| => |0.|
uvotsource: keyword CRVAL2D |0.| => |0.|
uvotsource: keyword CRPIX1D |606.250393508484| => |606.250393508484|
uvotsource: keyword CRPIX2D |621.24743929127| => |621.24743929127|
uvotsource: keyword CDELT1D |0.0181499958684615| => |0.0181499958684615|
uvotsource: keyword CDELT2D |0.0181499958684615| => |0.0181499958684615|
uvotsource: keyword CUNIT1D |mm| => |mm|
uvotsource: keyword CUNIT2D |mm| => |mm|
uvotsource: keyword CTYPE1D |DETX| => |DETX|
uvotsource: keyword CTYPE2D |DETY| => |DETY|
uvotsource: keyword PC1_1D |-0.959780917090781| => |-0.959780917090781|
uvotsource: keyword PC1_2D |0.28075016740646| => |0.28075016740646|
uvotsource: keyword PC2_1D |-0.280749716634484| => |-0.280749716634484|
uvotsource: keyword PC2_2D |-0.959780980901105| => |-0.959780980901105|
uvotsource: verbose: DET 1223.94,1569.19 => RAW 1158.11,1489.28
uvotsource: Source
            Position: RA = 13h 10m 28.66s, Dec = +32d 20m 44.0s (J2000)
            Position: RA = 197.61942, Dec = 32.34555 (J2000)
            Exposure: 146.42 s (source)
            Exposure: 146.42 s (background)
              Filter: UVW1
        Significance: 47.3 sigma (stat)
    Background-limit: 1.0 sigma (stat)
uvotsource: UVOT uvw1 magnitude (Vega system)
              Source: 14.27 +/- 0.03 (stat) +/- 0.03 (sys)
          Background: 24.39 arcsec^-2
    Background-limit: 20.75
   Coincidence-limit: 11.01
uvotsource: UVOT uvw1 magnitude (AB system)
              Source: 15.78 +/- 0.03 (stat) +/- 0.03 (sys)
          Background: 25.90 arcsec^-2
    Background-limit: 22.26
   Coincidence-limit: 12.52
uvotsource: Flux density [erg/s/cm^2/A]
              Source: 7.80 +/- 0.23 (stat) +/- 0.24 (sys) x 10^-15
          Background: 6.97 +/- 0.21 (stat) +/- 0.22 (sys) x 10^-19 arcsec^-2
    Background-limit: 1.99 x 10^-17
   Coincidence-limit: 1.57 x 10^-13
uvotsource: Corrected rate [count/s]
              Source: 18.536 +/- 0.556 (stat)
          Background: 0.0017 arcsec^-2
    Background-limit: 0.047
   Coincidence-limit: 372.234
uvotsource: Raw rate [count/s]
              Source: 13.199 +/- 0.279 (stat)
          Background: 0.0017 arcsec^-2
    Background-limit: 0.034
   Coincidence-limit: 90.644
uvotsource: Flux density [mJy at 1.157 x 10^15 Hz]
              Source: 1.75 +/- 0.05 (stat) +/- 0.05 (sys) x 10^0
          Background: 1.56 +/- 0.05 (stat) +/- 0.05 (sys) x 10^-4 arcsec^-2
    Background-limit: 4.45 x 10^-3
   Coincidence-limit: 3.51 x 10^1
uvotsource: shell ftcreate "cdfile=his.1157523.4.cdf" "datafile=his.1157523.5.dat" "outfile=this.1157523.7.fits" "morehdr=0" "clobber=NO" "history=NO" "tabtyp=BINARY" "chatter=1" "nrows=0" "inull=0" "nskip=0"
uvotsource: --- begin/end ftcreate
uvotsource: shell fthedit "infile=this.1157523.7.fits+1" "keyword=@head.1157523.6.txt" "chatter=1" "longstring=NO" "history=NO" "protect=YES"
uvotsource: --- begin/end fthedit
uvotsource: shell fthedit "infile=this.1157523.7.fits+0" "keyword=@head.1157523.6.txt" "chatter=1" "protect=YES" "history=NO" "longstring=NO"
uvotsource: --- begin/end fthedit
uvotsource: complete [time=1720885605, delta=260, elapsed=260]
